CRITICAL - 2022-03-08 00:40:29 --> Class 'App\Modules\Website\Controllers\Date' not found
#0 D:\work projects\Tradebox\system\CodeIgniter.php(926): App\Modules\Website\Controllers\HomeController->generate_random_trade()
#1 D:\work projects\Tradebox\system\CodeIgniter.php(412): CodeIgniter\CodeIgniter->runController(Object(App\Modules\Website\Controllers\HomeController))
#2 D:\work projects\Tradebox\system\CodeIgniter.php(320): CodeIgniter\CodeIgniter->handleRequest(NULL, Object(Config\Cache), false)
#3 D:\work projects\Tradebox\index.php(64): CodeIgniter\CodeIgniter->run()
#4 {main}
CRITICAL - 2022-03-08 00:47:37 --> Call to undefined method CodeIgniter\Database\MySQLi\Connection::insert()
#0 D:\work projects\Tradebox\system\CodeIgniter.php(926): App\Modules\Website\Controllers\HomeController->generate_random_trade()
#1 D:\work projects\Tradebox\system\CodeIgniter.php(412): CodeIgniter\CodeIgniter->runController(Object(App\Modules\Website\Controllers\HomeController))
#2 D:\work projects\Tradebox\system\CodeIgniter.php(320): CodeIgniter\CodeIgniter->handleRequest(NULL, Object(Config\Cache), false)
#3 D:\work projects\Tradebox\index.php(64): CodeIgniter\CodeIgniter->run()
#4 {main}
CRITICAL - 2022-03-08 00:49:32 --> Call to undefined method CodeIgniter\Database\MySQLi\Connection::insert()
#0 D:\work projects\Tradebox\system\CodeIgniter.php(926): App\Modules\Website\Controllers\HomeController->generate_random_trade()
#1 D:\work projects\Tradebox\system\CodeIgniter.php(412): CodeIgniter\CodeIgniter->runController(Object(App\Modules\Website\Controllers\HomeController))
#2 D:\work projects\Tradebox\system\CodeIgniter.php(320): CodeIgniter\CodeIgniter->handleRequest(NULL, Object(Config\Cache), false)
#3 D:\work projects\Tradebox\index.php(64): CodeIgniter\CodeIgniter->run()
#4 {main}
CRITICAL - 2022-03-08 00:49:45 --> Call to undefined method CodeIgniter\Database\MySQLi\Connection::insert()
#0 D:\work projects\Tradebox\system\CodeIgniter.php(926): App\Modules\Website\Controllers\HomeController->generate_random_trade()
#1 D:\work projects\Tradebox\system\CodeIgniter.php(412): CodeIgniter\CodeIgniter->runController(Object(App\Modules\Website\Controllers\HomeController))
#2 D:\work projects\Tradebox\system\CodeIgniter.php(320): CodeIgniter\CodeIgniter->handleRequest(NULL, Object(Config\Cache), false)
#3 D:\work projects\Tradebox\index.php(64): CodeIgniter\CodeIgniter->run()
#4 {main}
CRITICAL - 2022-03-08 00:51:03 --> Call to undefined method CodeIgniter\Database\MySQLi\Connection::insert()
#0 D:\work projects\Tradebox\system\CodeIgniter.php(926): App\Modules\Website\Controllers\HomeController->generate_random_trade()
#1 D:\work projects\Tradebox\system\CodeIgniter.php(412): CodeIgniter\CodeIgniter->runController(Object(App\Modules\Website\Controllers\HomeController))
#2 D:\work projects\Tradebox\system\CodeIgniter.php(320): CodeIgniter\CodeIgniter->handleRequest(NULL, Object(Config\Cache), false)
#3 D:\work projects\Tradebox\index.php(64): CodeIgniter\CodeIgniter->run()
#4 {main}
CRITICAL - 2022-03-08 00:51:17 --> Call to undefined method CodeIgniter\Database\MySQLi\Connection::insert()
#0 D:\work projects\Tradebox\system\CodeIgniter.php(926): App\Modules\Website\Controllers\HomeController->generate_random_trade()
#1 D:\work projects\Tradebox\system\CodeIgniter.php(412): CodeIgniter\CodeIgniter->runController(Object(App\Modules\Website\Controllers\HomeController))
#2 D:\work projects\Tradebox\system\CodeIgniter.php(320): CodeIgniter\CodeIgniter->handleRequest(NULL, Object(Config\Cache), false)
#3 D:\work projects\Tradebox\index.php(64): CodeIgniter\CodeIgniter->run()
#4 {main}
CRITICAL - 2022-03-08 01:34:54 --> Call to a member function format() on string
#0 D:\work projects\Tradebox\system\CodeIgniter.php(926): App\Modules\Website\Controllers\HomeController->generate_random_trade()
#1 D:\work projects\Tradebox\system\CodeIgniter.php(412): CodeIgniter\CodeIgniter->runController(Object(App\Modules\Website\Controllers\HomeController))
#2 D:\work projects\Tradebox\system\CodeIgniter.php(320): CodeIgniter\CodeIgniter->handleRequest(NULL, Object(Config\Cache), false)
#3 D:\work projects\Tradebox\index.php(64): CodeIgniter\CodeIgniter->run()
#4 {main}
CRITICAL - 2022-03-08 01:35:41 --> Class 'App\Modules\Website\Controllers\DateTime' not found
#0 D:\work projects\Tradebox\system\CodeIgniter.php(926): App\Modules\Website\Controllers\HomeController->generate_random_trade()
#1 D:\work projects\Tradebox\system\CodeIgniter.php(412): CodeIgniter\CodeIgniter->runController(Object(App\Modules\Website\Controllers\HomeController))
#2 D:\work projects\Tradebox\system\CodeIgniter.php(320): CodeIgniter\CodeIgniter->handleRequest(NULL, Object(Config\Cache), false)
#3 D:\work projects\Tradebox\index.php(64): CodeIgniter\CodeIgniter->run()
#4 {main}
CRITICAL - 2022-03-08 01:36:00 --> Call to a member function format() on int
#0 D:\work projects\Tradebox\system\CodeIgniter.php(926): App\Modules\Website\Controllers\HomeController->generate_random_trade()
#1 D:\work projects\Tradebox\system\CodeIgniter.php(412): CodeIgniter\CodeIgniter->runController(Object(App\Modules\Website\Controllers\HomeController))
#2 D:\work projects\Tradebox\system\CodeIgniter.php(320): CodeIgniter\CodeIgniter->handleRequest(NULL, Object(Config\Cache), false)
#3 D:\work projects\Tradebox\index.php(64): CodeIgniter\CodeIgniter->run()
#4 {main}
CRITICAL - 2022-03-08 01:53:26 --> You have an error in your SQL syntax; check the manual that corresponds to your MariaDB server version for the right syntax to use near 'AS `low`) AS `price AS low`, MAX(`price` AS `high`) AS `price AS high`, MIN(`...' at line 1
#0 D:\work projects\Tradebox\system\Database\MySQLi\Connection.php(331): mysqli->query('SELECT MIN(`pri...')
#1 D:\work projects\Tradebox\system\Database\BaseConnection.php(741): CodeIgniter\Database\MySQLi\Connection->execute('SELECT MIN(`pri...')
#2 D:\work projects\Tradebox\system\Database\BaseConnection.php(669): CodeIgniter\Database\BaseConnection->simpleQuery('SELECT MIN(`pri...')
#3 D:\work projects\Tradebox\system\Database\BaseBuilder.php(1860): CodeIgniter\Database\BaseConnection->query('SELECT MIN(`pri...', Array, false)
#4 D:\work projects\Tradebox\app\Modules\Website\Controllers\HomeController.php(2624): CodeIgniter\Database\BaseBuilder->get()
#5 D:\work projects\Tradebox\system\CodeIgniter.php(926): App\Modules\Website\Controllers\HomeController->tradecharthistory()
#6 D:\work projects\Tradebox\system\CodeIgniter.php(412): CodeIgniter\CodeIgniter->runController(Object(App\Modules\Website\Controllers\HomeController))
#7 D:\work projects\Tradebox\system\CodeIgniter.php(320): CodeIgniter\CodeIgniter->handleRequest(NULL, Object(Config\Cache), false)
#8 D:\work projects\Tradebox\index.php(64): CodeIgniter\CodeIgniter->run()
#9 {main}
CRITICAL - 2022-03-08 01:58:12 --> A non well formed numeric value encountered
#0 D:\work projects\Tradebox\app\Modules\Website\Controllers\HomeController.php(2631): CodeIgniter\Debug\Exceptions->errorHandler(8, 'A non well form...', 'D:\\work project...', 2631, Array)
#1 D:\work projects\Tradebox\system\CodeIgniter.php(926): App\Modules\Website\Controllers\HomeController->tradecharthistory()
#2 D:\work projects\Tradebox\system\CodeIgniter.php(412): CodeIgniter\CodeIgniter->runController(Object(App\Modules\Website\Controllers\HomeController))
#3 D:\work projects\Tradebox\system\CodeIgniter.php(320): CodeIgniter\CodeIgniter->handleRequest(NULL, Object(Config\Cache), false)
#4 D:\work projects\Tradebox\index.php(64): CodeIgniter\CodeIgniter->run()
#5 {main}
CRITICAL - 2022-03-08 02:04:21 --> A non well formed numeric value encountered
#0 D:\work projects\Tradebox\app\Modules\Website\Controllers\HomeController.php(2632): CodeIgniter\Debug\Exceptions->errorHandler(8, 'A non well form...', 'D:\\work project...', 2632, Array)
#1 D:\work projects\Tradebox\system\CodeIgniter.php(926): App\Modules\Website\Controllers\HomeController->tradecharthistory()
#2 D:\work projects\Tradebox\system\CodeIgniter.php(412): CodeIgniter\CodeIgniter->runController(Object(App\Modules\Website\Controllers\HomeController))
#3 D:\work projects\Tradebox\system\CodeIgniter.php(320): CodeIgniter\CodeIgniter->handleRequest(NULL, Object(Config\Cache), false)
#4 D:\work projects\Tradebox\index.php(64): CodeIgniter\CodeIgniter->run()
#5 {main}
CRITICAL - 2022-03-08 04:35:23 --> Undefined property: stdClass::$date
#0 D:\work projects\Tradebox\app\Modules\Website\Controllers\HomeController.php(2627): CodeIgniter\Debug\Exceptions->errorHandler(8, 'Undefined prope...', 'D:\\work project...', 2627, Array)
#1 D:\work projects\Tradebox\system\CodeIgniter.php(926): App\Modules\Website\Controllers\HomeController->tradecharthistory()
#2 D:\work projects\Tradebox\system\CodeIgniter.php(412): CodeIgniter\CodeIgniter->runController(Object(App\Modules\Website\Controllers\HomeController))
#3 D:\work projects\Tradebox\system\CodeIgniter.php(320): CodeIgniter\CodeIgniter->handleRequest(NULL, Object(Config\Cache), false)
#4 D:\work projects\Tradebox\index.php(64): CodeIgniter\CodeIgniter->run()
#5 {main}
CRITICAL - 2022-03-08 04:36:51 --> Undefined property: stdClass::$date
#0 D:\work projects\Tradebox\app\Modules\Website\Controllers\HomeController.php(2627): CodeIgniter\Debug\Exceptions->errorHandler(8, 'Undefined prope...', 'D:\\work project...', 2627, Array)
#1 D:\work projects\Tradebox\system\CodeIgniter.php(926): App\Modules\Website\Controllers\HomeController->tradecharthistory()
#2 D:\work projects\Tradebox\system\CodeIgniter.php(412): CodeIgniter\CodeIgniter->runController(Object(App\Modules\Website\Controllers\HomeController))
#3 D:\work projects\Tradebox\system\CodeIgniter.php(320): CodeIgniter\CodeIgniter->handleRequest(NULL, Object(Config\Cache), false)
#4 D:\work projects\Tradebox\index.php(64): CodeIgniter\CodeIgniter->run()
#5 {main}
CRITICAL - 2022-03-08 04:44:04 --> Call to a member function getTimestamp() on string
#0 D:\work projects\Tradebox\system\CodeIgniter.php(926): App\Modules\Website\Controllers\HomeController->tradecharthistory()
#1 D:\work projects\Tradebox\system\CodeIgniter.php(412): CodeIgniter\CodeIgniter->runController(Object(App\Modules\Website\Controllers\HomeController))
#2 D:\work projects\Tradebox\system\CodeIgniter.php(320): CodeIgniter\CodeIgniter->handleRequest(NULL, Object(Config\Cache), false)
#3 D:\work projects\Tradebox\index.php(64): CodeIgniter\CodeIgniter->run()
#4 {main}
CRITICAL - 2022-03-08 04:45:03 --> date_timestamp_get() expects parameter 1 to be DateTimeInterface, string given
#0 [internal function]: CodeIgniter\Debug\Exceptions->errorHandler(2, 'date_timestamp_...', 'D:\\work project...', 2627, Array)
#1 D:\work projects\Tradebox\app\Modules\Website\Controllers\HomeController.php(2627): date_timestamp_get('2022-03-08 19:0...')
#2 D:\work projects\Tradebox\system\CodeIgniter.php(926): App\Modules\Website\Controllers\HomeController->tradecharthistory()
#3 D:\work projects\Tradebox\system\CodeIgniter.php(412): CodeIgniter\CodeIgniter->runController(Object(App\Modules\Website\Controllers\HomeController))
#4 D:\work projects\Tradebox\system\CodeIgniter.php(320): CodeIgniter\CodeIgniter->handleRequest(NULL, Object(Config\Cache), false)
#5 D:\work projects\Tradebox\index.php(64): CodeIgniter\CodeIgniter->run()
#6 {main}
CRITICAL - 2022-03-08 04:47:52 --> Class 'App\Modules\Website\Controllers\DateTime' not found
#0 D:\work projects\Tradebox\system\CodeIgniter.php(926): App\Modules\Website\Controllers\HomeController->tradecharthistory()
#1 D:\work projects\Tradebox\system\CodeIgniter.php(412): CodeIgniter\CodeIgniter->runController(Object(App\Modules\Website\Controllers\HomeController))
#2 D:\work projects\Tradebox\system\CodeIgniter.php(320): CodeIgniter\CodeIgniter->handleRequest(NULL, Object(Config\Cache), false)
#3 D:\work projects\Tradebox\index.php(64): CodeIgniter\CodeIgniter->run()
#4 {main}
CRITICAL - 2022-03-08 04:48:08 --> Call to undefined function App\Modules\Website\Controllers\createFromFormat()
#0 D:\work projects\Tradebox\system\CodeIgniter.php(926): App\Modules\Website\Controllers\HomeController->tradecharthistory()
#1 D:\work projects\Tradebox\system\CodeIgniter.php(412): CodeIgniter\CodeIgniter->runController(Object(App\Modules\Website\Controllers\HomeController))
#2 D:\work projects\Tradebox\system\CodeIgniter.php(320): CodeIgniter\CodeIgniter->handleRequest(NULL, Object(Config\Cache), false)
#3 D:\work projects\Tradebox\index.php(64): CodeIgniter\CodeIgniter->run()
#4 {main}
CRITICAL - 2022-03-08 04:50:08 --> Class 'App\Modules\Website\Controllers\DateTime' not found
#0 D:\work projects\Tradebox\system\CodeIgniter.php(926): App\Modules\Website\Controllers\HomeController->tradecharthistory()
#1 D:\work projects\Tradebox\system\CodeIgniter.php(412): CodeIgniter\CodeIgniter->runController(Object(App\Modules\Website\Controllers\HomeController))
#2 D:\work projects\Tradebox\system\CodeIgniter.php(320): CodeIgniter\CodeIgniter->handleRequest(NULL, Object(Config\Cache), false)
#3 D:\work projects\Tradebox\index.php(64): CodeIgniter\CodeIgniter->run()
#4 {main}
