CRITICAL - 2022-03-11 01:10:37 --> Use of undefined constant FILTER_SANTITIZE_STRING - assumed 'FILTER_SANTITIZE_STRING' (this will throw an Error in a future version of PHP)
#0 D:\work projects\Tradebox\app\Modules\Website\Controllers\HomeController.php(2606): CodeIgniter\Debug\Exceptions->errorHandler(2, 'Use of undefine...', 'D:\\work project...', 2606, Array)
#1 D:\work projects\Tradebox\system\CodeIgniter.php(926): App\Modules\Website\Controllers\HomeController->tradehistory()
#2 D:\work projects\Tradebox\system\CodeIgniter.php(412): CodeIgniter\CodeIgniter->runController(Object(App\Modules\Website\Controllers\HomeController))
#3 D:\work projects\Tradebox\system\CodeIgniter.php(320): CodeIgniter\CodeIgniter->handleRequest(NULL, Object(Config\Cache), false)
#4 D:\work projects\Tradebox\index.php(64): CodeIgniter\CodeIgniter->run()
#5 {main}
CRITICAL - 2022-03-11 01:10:57 --> Use of undefined constant FILTER_SANTITIZE_STRING - assumed 'FILTER_SANTITIZE_STRING' (this will throw an Error in a future version of PHP)
#0 D:\work projects\Tradebox\app\Modules\Website\Controllers\HomeController.php(2606): CodeIgniter\Debug\Exceptions->errorHandler(2, 'Use of undefine...', 'D:\\work project...', 2606, Array)
#1 D:\work projects\Tradebox\system\CodeIgniter.php(926): App\Modules\Website\Controllers\HomeController->tradehistory()
#2 D:\work projects\Tradebox\system\CodeIgniter.php(412): CodeIgniter\CodeIgniter->runController(Object(App\Modules\Website\Controllers\HomeController))
#3 D:\work projects\Tradebox\system\CodeIgniter.php(320): CodeIgniter\CodeIgniter->handleRequest(NULL, Object(Config\Cache), false)
#4 D:\work projects\Tradebox\index.php(64): CodeIgniter\CodeIgniter->run()
#5 {main}
CRITICAL - 2022-03-11 01:12:44 --> Use of undefined constant FILTER_SANTITIZE_STRING - assumed 'FILTER_SANTITIZE_STRING' (this will throw an Error in a future version of PHP)
#0 D:\work projects\Tradebox\app\Modules\Website\Controllers\HomeController.php(2606): CodeIgniter\Debug\Exceptions->errorHandler(2, 'Use of undefine...', 'D:\\work project...', 2606, Array)
#1 D:\work projects\Tradebox\system\CodeIgniter.php(926): App\Modules\Website\Controllers\HomeController->tradehistory()
#2 D:\work projects\Tradebox\system\CodeIgniter.php(412): CodeIgniter\CodeIgniter->runController(Object(App\Modules\Website\Controllers\HomeController))
#3 D:\work projects\Tradebox\system\CodeIgniter.php(320): CodeIgniter\CodeIgniter->handleRequest(NULL, Object(Config\Cache), false)
#4 D:\work projects\Tradebox\index.php(64): CodeIgniter\CodeIgniter->run()
#5 {main}
CRITICAL - 2022-03-11 01:12:55 --> Use of undefined constant FILTER_SANTITIZE_STRING - assumed 'FILTER_SANTITIZE_STRING' (this will throw an Error in a future version of PHP)
#0 D:\work projects\Tradebox\app\Modules\Website\Controllers\HomeController.php(2606): CodeIgniter\Debug\Exceptions->errorHandler(2, 'Use of undefine...', 'D:\\work project...', 2606, Array)
#1 D:\work projects\Tradebox\system\CodeIgniter.php(926): App\Modules\Website\Controllers\HomeController->tradehistory()
#2 D:\work projects\Tradebox\system\CodeIgniter.php(412): CodeIgniter\CodeIgniter->runController(Object(App\Modules\Website\Controllers\HomeController))
#3 D:\work projects\Tradebox\system\CodeIgniter.php(320): CodeIgniter\CodeIgniter->handleRequest(NULL, Object(Config\Cache), false)
#4 D:\work projects\Tradebox\index.php(64): CodeIgniter\CodeIgniter->run()
#5 {main}
CRITICAL - 2022-03-11 01:13:19 --> Use of undefined constant FILTER_SANTITIZE_STRING - assumed 'FILTER_SANTITIZE_STRING' (this will throw an Error in a future version of PHP)
#0 D:\work projects\Tradebox\app\Modules\Website\Controllers\HomeController.php(2606): CodeIgniter\Debug\Exceptions->errorHandler(2, 'Use of undefine...', 'D:\\work project...', 2606, Array)
#1 D:\work projects\Tradebox\system\CodeIgniter.php(926): App\Modules\Website\Controllers\HomeController->tradehistory()
#2 D:\work projects\Tradebox\system\CodeIgniter.php(412): CodeIgniter\CodeIgniter->runController(Object(App\Modules\Website\Controllers\HomeController))
#3 D:\work projects\Tradebox\system\CodeIgniter.php(320): CodeIgniter\CodeIgniter->handleRequest(NULL, Object(Config\Cache), false)
#4 D:\work projects\Tradebox\index.php(64): CodeIgniter\CodeIgniter->run()
#5 {main}
CRITICAL - 2022-03-11 01:13:30 --> Use of undefined constant FILTER_SANTITIZE_STRING - assumed 'FILTER_SANTITIZE_STRING' (this will throw an Error in a future version of PHP)
#0 D:\work projects\Tradebox\app\Modules\Website\Controllers\HomeController.php(2606): CodeIgniter\Debug\Exceptions->errorHandler(2, 'Use of undefine...', 'D:\\work project...', 2606, Array)
#1 D:\work projects\Tradebox\system\CodeIgniter.php(926): App\Modules\Website\Controllers\HomeController->tradehistory()
#2 D:\work projects\Tradebox\system\CodeIgniter.php(412): CodeIgniter\CodeIgniter->runController(Object(App\Modules\Website\Controllers\HomeController))
#3 D:\work projects\Tradebox\system\CodeIgniter.php(320): CodeIgniter\CodeIgniter->handleRequest(NULL, Object(Config\Cache), false)
#4 D:\work projects\Tradebox\index.php(64): CodeIgniter\CodeIgniter->run()
#5 {main}
CRITICAL - 2022-03-11 01:13:41 --> Use of undefined constant FILTER_SANTITIZE_STRING - assumed 'FILTER_SANTITIZE_STRING' (this will throw an Error in a future version of PHP)
#0 D:\work projects\Tradebox\app\Modules\Website\Controllers\HomeController.php(2606): CodeIgniter\Debug\Exceptions->errorHandler(2, 'Use of undefine...', 'D:\\work project...', 2606, Array)
#1 D:\work projects\Tradebox\system\CodeIgniter.php(926): App\Modules\Website\Controllers\HomeController->tradehistory()
#2 D:\work projects\Tradebox\system\CodeIgniter.php(412): CodeIgniter\CodeIgniter->runController(Object(App\Modules\Website\Controllers\HomeController))
#3 D:\work projects\Tradebox\system\CodeIgniter.php(320): CodeIgniter\CodeIgniter->handleRequest(NULL, Object(Config\Cache), false)
#4 D:\work projects\Tradebox\index.php(64): CodeIgniter\CodeIgniter->run()
#5 {main}
CRITICAL - 2022-03-11 01:13:56 --> Use of undefined constant FILTER_SANTITIZE_STRING - assumed 'FILTER_SANTITIZE_STRING' (this will throw an Error in a future version of PHP)
#0 D:\work projects\Tradebox\app\Modules\Website\Controllers\HomeController.php(2606): CodeIgniter\Debug\Exceptions->errorHandler(2, 'Use of undefine...', 'D:\\work project...', 2606, Array)
#1 D:\work projects\Tradebox\system\CodeIgniter.php(926): App\Modules\Website\Controllers\HomeController->tradehistory()
#2 D:\work projects\Tradebox\system\CodeIgniter.php(412): CodeIgniter\CodeIgniter->runController(Object(App\Modules\Website\Controllers\HomeController))
#3 D:\work projects\Tradebox\system\CodeIgniter.php(320): CodeIgniter\CodeIgniter->handleRequest(NULL, Object(Config\Cache), false)
#4 D:\work projects\Tradebox\index.php(64): CodeIgniter\CodeIgniter->run()
#5 {main}
CRITICAL - 2022-03-11 01:14:06 --> Use of undefined constant FILTER_SANTITIZE_STRING - assumed 'FILTER_SANTITIZE_STRING' (this will throw an Error in a future version of PHP)
#0 D:\work projects\Tradebox\app\Modules\Website\Controllers\HomeController.php(2606): CodeIgniter\Debug\Exceptions->errorHandler(2, 'Use of undefine...', 'D:\\work project...', 2606, Array)
#1 D:\work projects\Tradebox\system\CodeIgniter.php(926): App\Modules\Website\Controllers\HomeController->tradehistory()
#2 D:\work projects\Tradebox\system\CodeIgniter.php(412): CodeIgniter\CodeIgniter->runController(Object(App\Modules\Website\Controllers\HomeController))
#3 D:\work projects\Tradebox\system\CodeIgniter.php(320): CodeIgniter\CodeIgniter->handleRequest(NULL, Object(Config\Cache), false)
#4 D:\work projects\Tradebox\index.php(64): CodeIgniter\CodeIgniter->run()
#5 {main}
CRITICAL - 2022-03-11 01:14:33 --> Use of undefined constant FILTER_SANTITIZE_STRING - assumed 'FILTER_SANTITIZE_STRING' (this will throw an Error in a future version of PHP)
#0 D:\work projects\Tradebox\app\Modules\Website\Controllers\HomeController.php(2606): CodeIgniter\Debug\Exceptions->errorHandler(2, 'Use of undefine...', 'D:\\work project...', 2606, Array)
#1 D:\work projects\Tradebox\system\CodeIgniter.php(926): App\Modules\Website\Controllers\HomeController->tradehistory()
#2 D:\work projects\Tradebox\system\CodeIgniter.php(412): CodeIgniter\CodeIgniter->runController(Object(App\Modules\Website\Controllers\HomeController))
#3 D:\work projects\Tradebox\system\CodeIgniter.php(320): CodeIgniter\CodeIgniter->handleRequest(NULL, Object(Config\Cache), false)
#4 D:\work projects\Tradebox\index.php(64): CodeIgniter\CodeIgniter->run()
#5 {main}
CRITICAL - 2022-03-11 01:15:00 --> Use of undefined constant FILTER_SANTITIZE_STRING - assumed 'FILTER_SANTITIZE_STRING' (this will throw an Error in a future version of PHP)
#0 D:\work projects\Tradebox\app\Modules\Website\Controllers\HomeController.php(2606): CodeIgniter\Debug\Exceptions->errorHandler(2, 'Use of undefine...', 'D:\\work project...', 2606, Array)
#1 D:\work projects\Tradebox\system\CodeIgniter.php(926): App\Modules\Website\Controllers\HomeController->tradehistory()
#2 D:\work projects\Tradebox\system\CodeIgniter.php(412): CodeIgniter\CodeIgniter->runController(Object(App\Modules\Website\Controllers\HomeController))
#3 D:\work projects\Tradebox\system\CodeIgniter.php(320): CodeIgniter\CodeIgniter->handleRequest(NULL, Object(Config\Cache), false)
#4 D:\work projects\Tradebox\index.php(64): CodeIgniter\CodeIgniter->run()
#5 {main}
CRITICAL - 2022-03-11 01:15:10 --> Use of undefined constant FILTER_SANTITIZE_STRING - assumed 'FILTER_SANTITIZE_STRING' (this will throw an Error in a future version of PHP)
#0 D:\work projects\Tradebox\app\Modules\Website\Controllers\HomeController.php(2606): CodeIgniter\Debug\Exceptions->errorHandler(2, 'Use of undefine...', 'D:\\work project...', 2606, Array)
#1 D:\work projects\Tradebox\system\CodeIgniter.php(926): App\Modules\Website\Controllers\HomeController->tradehistory()
#2 D:\work projects\Tradebox\system\CodeIgniter.php(412): CodeIgniter\CodeIgniter->runController(Object(App\Modules\Website\Controllers\HomeController))
#3 D:\work projects\Tradebox\system\CodeIgniter.php(320): CodeIgniter\CodeIgniter->handleRequest(NULL, Object(Config\Cache), false)
#4 D:\work projects\Tradebox\index.php(64): CodeIgniter\CodeIgniter->run()
#5 {main}
CRITICAL - 2022-03-11 01:15:20 --> Use of undefined constant FILTER_SANTITIZE_STRING - assumed 'FILTER_SANTITIZE_STRING' (this will throw an Error in a future version of PHP)
#0 D:\work projects\Tradebox\app\Modules\Website\Controllers\HomeController.php(2606): CodeIgniter\Debug\Exceptions->errorHandler(2, 'Use of undefine...', 'D:\\work project...', 2606, Array)
#1 D:\work projects\Tradebox\system\CodeIgniter.php(926): App\Modules\Website\Controllers\HomeController->tradehistory()
#2 D:\work projects\Tradebox\system\CodeIgniter.php(412): CodeIgniter\CodeIgniter->runController(Object(App\Modules\Website\Controllers\HomeController))
#3 D:\work projects\Tradebox\system\CodeIgniter.php(320): CodeIgniter\CodeIgniter->handleRequest(NULL, Object(Config\Cache), false)
#4 D:\work projects\Tradebox\index.php(64): CodeIgniter\CodeIgniter->run()
#5 {main}
CRITICAL - 2022-03-11 01:15:30 --> Use of undefined constant FILTER_SANTITIZE_STRING - assumed 'FILTER_SANTITIZE_STRING' (this will throw an Error in a future version of PHP)
#0 D:\work projects\Tradebox\app\Modules\Website\Controllers\HomeController.php(2606): CodeIgniter\Debug\Exceptions->errorHandler(2, 'Use of undefine...', 'D:\\work project...', 2606, Array)
#1 D:\work projects\Tradebox\system\CodeIgniter.php(926): App\Modules\Website\Controllers\HomeController->tradehistory()
#2 D:\work projects\Tradebox\system\CodeIgniter.php(412): CodeIgniter\CodeIgniter->runController(Object(App\Modules\Website\Controllers\HomeController))
#3 D:\work projects\Tradebox\system\CodeIgniter.php(320): CodeIgniter\CodeIgniter->handleRequest(NULL, Object(Config\Cache), false)
#4 D:\work projects\Tradebox\index.php(64): CodeIgniter\CodeIgniter->run()
#5 {main}
CRITICAL - 2022-03-11 01:15:40 --> Use of undefined constant FILTER_SANTITIZE_STRING - assumed 'FILTER_SANTITIZE_STRING' (this will throw an Error in a future version of PHP)
#0 D:\work projects\Tradebox\app\Modules\Website\Controllers\HomeController.php(2606): CodeIgniter\Debug\Exceptions->errorHandler(2, 'Use of undefine...', 'D:\\work project...', 2606, Array)
#1 D:\work projects\Tradebox\system\CodeIgniter.php(926): App\Modules\Website\Controllers\HomeController->tradehistory()
#2 D:\work projects\Tradebox\system\CodeIgniter.php(412): CodeIgniter\CodeIgniter->runController(Object(App\Modules\Website\Controllers\HomeController))
#3 D:\work projects\Tradebox\system\CodeIgniter.php(320): CodeIgniter\CodeIgniter->handleRequest(NULL, Object(Config\Cache), false)
#4 D:\work projects\Tradebox\index.php(64): CodeIgniter\CodeIgniter->run()
#5 {main}
CRITICAL - 2022-03-11 01:15:51 --> Use of undefined constant FILTER_SANTITIZE_STRING - assumed 'FILTER_SANTITIZE_STRING' (this will throw an Error in a future version of PHP)
#0 D:\work projects\Tradebox\app\Modules\Website\Controllers\HomeController.php(2606): CodeIgniter\Debug\Exceptions->errorHandler(2, 'Use of undefine...', 'D:\\work project...', 2606, Array)
#1 D:\work projects\Tradebox\system\CodeIgniter.php(926): App\Modules\Website\Controllers\HomeController->tradehistory()
#2 D:\work projects\Tradebox\system\CodeIgniter.php(412): CodeIgniter\CodeIgniter->runController(Object(App\Modules\Website\Controllers\HomeController))
#3 D:\work projects\Tradebox\system\CodeIgniter.php(320): CodeIgniter\CodeIgniter->handleRequest(NULL, Object(Config\Cache), false)
#4 D:\work projects\Tradebox\index.php(64): CodeIgniter\CodeIgniter->run()
#5 {main}
CRITICAL - 2022-03-11 01:16:02 --> Use of undefined constant FILTER_SANTITIZE_STRING - assumed 'FILTER_SANTITIZE_STRING' (this will throw an Error in a future version of PHP)
#0 D:\work projects\Tradebox\app\Modules\Website\Controllers\HomeController.php(2606): CodeIgniter\Debug\Exceptions->errorHandler(2, 'Use of undefine...', 'D:\\work project...', 2606, Array)
#1 D:\work projects\Tradebox\system\CodeIgniter.php(926): App\Modules\Website\Controllers\HomeController->tradehistory()
#2 D:\work projects\Tradebox\system\CodeIgniter.php(412): CodeIgniter\CodeIgniter->runController(Object(App\Modules\Website\Controllers\HomeController))
#3 D:\work projects\Tradebox\system\CodeIgniter.php(320): CodeIgniter\CodeIgniter->handleRequest(NULL, Object(Config\Cache), false)
#4 D:\work projects\Tradebox\index.php(64): CodeIgniter\CodeIgniter->run()
#5 {main}
CRITICAL - 2022-03-11 01:16:13 --> Use of undefined constant FILTER_SANTITIZE_STRING - assumed 'FILTER_SANTITIZE_STRING' (this will throw an Error in a future version of PHP)
#0 D:\work projects\Tradebox\app\Modules\Website\Controllers\HomeController.php(2606): CodeIgniter\Debug\Exceptions->errorHandler(2, 'Use of undefine...', 'D:\\work project...', 2606, Array)
#1 D:\work projects\Tradebox\system\CodeIgniter.php(926): App\Modules\Website\Controllers\HomeController->tradehistory()
#2 D:\work projects\Tradebox\system\CodeIgniter.php(412): CodeIgniter\CodeIgniter->runController(Object(App\Modules\Website\Controllers\HomeController))
#3 D:\work projects\Tradebox\system\CodeIgniter.php(320): CodeIgniter\CodeIgniter->handleRequest(NULL, Object(Config\Cache), false)
#4 D:\work projects\Tradebox\index.php(64): CodeIgniter\CodeIgniter->run()
#5 {main}
CRITICAL - 2022-03-11 01:16:24 --> Use of undefined constant FILTER_SANTITIZE_STRING - assumed 'FILTER_SANTITIZE_STRING' (this will throw an Error in a future version of PHP)
#0 D:\work projects\Tradebox\app\Modules\Website\Controllers\HomeController.php(2606): CodeIgniter\Debug\Exceptions->errorHandler(2, 'Use of undefine...', 'D:\\work project...', 2606, Array)
#1 D:\work projects\Tradebox\system\CodeIgniter.php(926): App\Modules\Website\Controllers\HomeController->tradehistory()
#2 D:\work projects\Tradebox\system\CodeIgniter.php(412): CodeIgniter\CodeIgniter->runController(Object(App\Modules\Website\Controllers\HomeController))
#3 D:\work projects\Tradebox\system\CodeIgniter.php(320): CodeIgniter\CodeIgniter->handleRequest(NULL, Object(Config\Cache), false)
#4 D:\work projects\Tradebox\index.php(64): CodeIgniter\CodeIgniter->run()
#5 {main}
CRITICAL - 2022-03-11 01:16:35 --> Use of undefined constant FILTER_SANTITIZE_STRING - assumed 'FILTER_SANTITIZE_STRING' (this will throw an Error in a future version of PHP)
#0 D:\work projects\Tradebox\app\Modules\Website\Controllers\HomeController.php(2606): CodeIgniter\Debug\Exceptions->errorHandler(2, 'Use of undefine...', 'D:\\work project...', 2606, Array)
#1 D:\work projects\Tradebox\system\CodeIgniter.php(926): App\Modules\Website\Controllers\HomeController->tradehistory()
#2 D:\work projects\Tradebox\system\CodeIgniter.php(412): CodeIgniter\CodeIgniter->runController(Object(App\Modules\Website\Controllers\HomeController))
#3 D:\work projects\Tradebox\system\CodeIgniter.php(320): CodeIgniter\CodeIgniter->handleRequest(NULL, Object(Config\Cache), false)
#4 D:\work projects\Tradebox\index.php(64): CodeIgniter\CodeIgniter->run()
#5 {main}
CRITICAL - 2022-03-11 01:16:52 --> Use of undefined constant FILTER_SANTITIZE_STRING - assumed 'FILTER_SANTITIZE_STRING' (this will throw an Error in a future version of PHP)
#0 D:\work projects\Tradebox\app\Modules\Website\Controllers\HomeController.php(2606): CodeIgniter\Debug\Exceptions->errorHandler(2, 'Use of undefine...', 'D:\\work project...', 2606, Array)
#1 D:\work projects\Tradebox\system\CodeIgniter.php(926): App\Modules\Website\Controllers\HomeController->tradehistory()
#2 D:\work projects\Tradebox\system\CodeIgniter.php(412): CodeIgniter\CodeIgniter->runController(Object(App\Modules\Website\Controllers\HomeController))
#3 D:\work projects\Tradebox\system\CodeIgniter.php(320): CodeIgniter\CodeIgniter->handleRequest(NULL, Object(Config\Cache), false)
#4 D:\work projects\Tradebox\index.php(64): CodeIgniter\CodeIgniter->run()
#5 {main}
CRITICAL - 2022-03-11 01:17:03 --> Use of undefined constant FILTER_SANTITIZE_STRING - assumed 'FILTER_SANTITIZE_STRING' (this will throw an Error in a future version of PHP)
#0 D:\work projects\Tradebox\app\Modules\Website\Controllers\HomeController.php(2606): CodeIgniter\Debug\Exceptions->errorHandler(2, 'Use of undefine...', 'D:\\work project...', 2606, Array)
#1 D:\work projects\Tradebox\system\CodeIgniter.php(926): App\Modules\Website\Controllers\HomeController->tradehistory()
#2 D:\work projects\Tradebox\system\CodeIgniter.php(412): CodeIgniter\CodeIgniter->runController(Object(App\Modules\Website\Controllers\HomeController))
#3 D:\work projects\Tradebox\system\CodeIgniter.php(320): CodeIgniter\CodeIgniter->handleRequest(NULL, Object(Config\Cache), false)
#4 D:\work projects\Tradebox\index.php(64): CodeIgniter\CodeIgniter->run()
#5 {main}
CRITICAL - 2022-03-11 01:17:24 --> Use of undefined constant FILTER_SANTITIZE_STRING - assumed 'FILTER_SANTITIZE_STRING' (this will throw an Error in a future version of PHP)
#0 D:\work projects\Tradebox\app\Modules\Website\Controllers\HomeController.php(2606): CodeIgniter\Debug\Exceptions->errorHandler(2, 'Use of undefine...', 'D:\\work project...', 2606, Array)
#1 D:\work projects\Tradebox\system\CodeIgniter.php(926): App\Modules\Website\Controllers\HomeController->tradehistory()
#2 D:\work projects\Tradebox\system\CodeIgniter.php(412): CodeIgniter\CodeIgniter->runController(Object(App\Modules\Website\Controllers\HomeController))
#3 D:\work projects\Tradebox\system\CodeIgniter.php(320): CodeIgniter\CodeIgniter->handleRequest(NULL, Object(Config\Cache), false)
#4 D:\work projects\Tradebox\index.php(64): CodeIgniter\CodeIgniter->run()
#5 {main}
CRITICAL - 2022-03-11 01:17:35 --> Use of undefined constant FILTER_SANTITIZE_STRING - assumed 'FILTER_SANTITIZE_STRING' (this will throw an Error in a future version of PHP)
#0 D:\work projects\Tradebox\app\Modules\Website\Controllers\HomeController.php(2606): CodeIgniter\Debug\Exceptions->errorHandler(2, 'Use of undefine...', 'D:\\work project...', 2606, Array)
#1 D:\work projects\Tradebox\system\CodeIgniter.php(926): App\Modules\Website\Controllers\HomeController->tradehistory()
#2 D:\work projects\Tradebox\system\CodeIgniter.php(412): CodeIgniter\CodeIgniter->runController(Object(App\Modules\Website\Controllers\HomeController))
#3 D:\work projects\Tradebox\system\CodeIgniter.php(320): CodeIgniter\CodeIgniter->handleRequest(NULL, Object(Config\Cache), false)
#4 D:\work projects\Tradebox\index.php(64): CodeIgniter\CodeIgniter->run()
#5 {main}
CRITICAL - 2022-03-11 01:17:56 --> Use of undefined constant FILTER_SANTITIZE_STRING - assumed 'FILTER_SANTITIZE_STRING' (this will throw an Error in a future version of PHP)
#0 D:\work projects\Tradebox\app\Modules\Website\Controllers\HomeController.php(2606): CodeIgniter\Debug\Exceptions->errorHandler(2, 'Use of undefine...', 'D:\\work project...', 2606, Array)
#1 D:\work projects\Tradebox\system\CodeIgniter.php(926): App\Modules\Website\Controllers\HomeController->tradehistory()
#2 D:\work projects\Tradebox\system\CodeIgniter.php(412): CodeIgniter\CodeIgniter->runController(Object(App\Modules\Website\Controllers\HomeController))
#3 D:\work projects\Tradebox\system\CodeIgniter.php(320): CodeIgniter\CodeIgniter->handleRequest(NULL, Object(Config\Cache), false)
#4 D:\work projects\Tradebox\index.php(64): CodeIgniter\CodeIgniter->run()
#5 {main}
CRITICAL - 2022-03-11 01:18:30 --> Use of undefined constant FILTER_SANTITIZE_STRING - assumed 'FILTER_SANTITIZE_STRING' (this will throw an Error in a future version of PHP)
#0 D:\work projects\Tradebox\app\Modules\Website\Controllers\HomeController.php(2606): CodeIgniter\Debug\Exceptions->errorHandler(2, 'Use of undefine...', 'D:\\work project...', 2606, Array)
#1 D:\work projects\Tradebox\system\CodeIgniter.php(926): App\Modules\Website\Controllers\HomeController->tradehistory()
#2 D:\work projects\Tradebox\system\CodeIgniter.php(412): CodeIgniter\CodeIgniter->runController(Object(App\Modules\Website\Controllers\HomeController))
#3 D:\work projects\Tradebox\system\CodeIgniter.php(320): CodeIgniter\CodeIgniter->handleRequest(NULL, Object(Config\Cache), false)
#4 D:\work projects\Tradebox\index.php(64): CodeIgniter\CodeIgniter->run()
#5 {main}
CRITICAL - 2022-03-11 01:18:49 --> Use of undefined constant FILTER_SANTITIZE_STRING - assumed 'FILTER_SANTITIZE_STRING' (this will throw an Error in a future version of PHP)
#0 D:\work projects\Tradebox\app\Modules\Website\Controllers\HomeController.php(2606): CodeIgniter\Debug\Exceptions->errorHandler(2, 'Use of undefine...', 'D:\\work project...', 2606, Array)
#1 D:\work projects\Tradebox\system\CodeIgniter.php(926): App\Modules\Website\Controllers\HomeController->tradehistory()
#2 D:\work projects\Tradebox\system\CodeIgniter.php(412): CodeIgniter\CodeIgniter->runController(Object(App\Modules\Website\Controllers\HomeController))
#3 D:\work projects\Tradebox\system\CodeIgniter.php(320): CodeIgniter\CodeIgniter->handleRequest(NULL, Object(Config\Cache), false)
#4 D:\work projects\Tradebox\index.php(64): CodeIgniter\CodeIgniter->run()
#5 {main}
CRITICAL - 2022-03-11 01:19:23 --> Use of undefined constant FILTER_SANTITIZE_STRING - assumed 'FILTER_SANTITIZE_STRING' (this will throw an Error in a future version of PHP)
#0 D:\work projects\Tradebox\app\Modules\Website\Controllers\HomeController.php(2606): CodeIgniter\Debug\Exceptions->errorHandler(2, 'Use of undefine...', 'D:\\work project...', 2606, Array)
#1 D:\work projects\Tradebox\system\CodeIgniter.php(926): App\Modules\Website\Controllers\HomeController->tradehistory()
#2 D:\work projects\Tradebox\system\CodeIgniter.php(412): CodeIgniter\CodeIgniter->runController(Object(App\Modules\Website\Controllers\HomeController))
#3 D:\work projects\Tradebox\system\CodeIgniter.php(320): CodeIgniter\CodeIgniter->handleRequest(NULL, Object(Config\Cache), false)
#4 D:\work projects\Tradebox\index.php(64): CodeIgniter\CodeIgniter->run()
#5 {main}
CRITICAL - 2022-03-11 01:19:35 --> Use of undefined constant FILTER_SANTITIZE_STRING - assumed 'FILTER_SANTITIZE_STRING' (this will throw an Error in a future version of PHP)
#0 D:\work projects\Tradebox\app\Modules\Website\Controllers\HomeController.php(2606): CodeIgniter\Debug\Exceptions->errorHandler(2, 'Use of undefine...', 'D:\\work project...', 2606, Array)
#1 D:\work projects\Tradebox\system\CodeIgniter.php(926): App\Modules\Website\Controllers\HomeController->tradehistory()
#2 D:\work projects\Tradebox\system\CodeIgniter.php(412): CodeIgniter\CodeIgniter->runController(Object(App\Modules\Website\Controllers\HomeController))
#3 D:\work projects\Tradebox\system\CodeIgniter.php(320): CodeIgniter\CodeIgniter->handleRequest(NULL, Object(Config\Cache), false)
#4 D:\work projects\Tradebox\index.php(64): CodeIgniter\CodeIgniter->run()
#5 {main}
CRITICAL - 2022-03-11 01:19:46 --> Use of undefined constant FILTER_SANTITIZE_STRING - assumed 'FILTER_SANTITIZE_STRING' (this will throw an Error in a future version of PHP)
#0 D:\work projects\Tradebox\app\Modules\Website\Controllers\HomeController.php(2606): CodeIgniter\Debug\Exceptions->errorHandler(2, 'Use of undefine...', 'D:\\work project...', 2606, Array)
#1 D:\work projects\Tradebox\system\CodeIgniter.php(926): App\Modules\Website\Controllers\HomeController->tradehistory()
#2 D:\work projects\Tradebox\system\CodeIgniter.php(412): CodeIgniter\CodeIgniter->runController(Object(App\Modules\Website\Controllers\HomeController))
#3 D:\work projects\Tradebox\system\CodeIgniter.php(320): CodeIgniter\CodeIgniter->handleRequest(NULL, Object(Config\Cache), false)
#4 D:\work projects\Tradebox\index.php(64): CodeIgniter\CodeIgniter->run()
#5 {main}
CRITICAL - 2022-03-11 01:19:57 --> Use of undefined constant FILTER_SANTITIZE_STRING - assumed 'FILTER_SANTITIZE_STRING' (this will throw an Error in a future version of PHP)
#0 D:\work projects\Tradebox\app\Modules\Website\Controllers\HomeController.php(2606): CodeIgniter\Debug\Exceptions->errorHandler(2, 'Use of undefine...', 'D:\\work project...', 2606, Array)
#1 D:\work projects\Tradebox\system\CodeIgniter.php(926): App\Modules\Website\Controllers\HomeController->tradehistory()
#2 D:\work projects\Tradebox\system\CodeIgniter.php(412): CodeIgniter\CodeIgniter->runController(Object(App\Modules\Website\Controllers\HomeController))
#3 D:\work projects\Tradebox\system\CodeIgniter.php(320): CodeIgniter\CodeIgniter->handleRequest(NULL, Object(Config\Cache), false)
#4 D:\work projects\Tradebox\index.php(64): CodeIgniter\CodeIgniter->run()
#5 {main}
CRITICAL - 2022-03-11 01:20:08 --> Use of undefined constant FILTER_SANTITIZE_STRING - assumed 'FILTER_SANTITIZE_STRING' (this will throw an Error in a future version of PHP)
#0 D:\work projects\Tradebox\app\Modules\Website\Controllers\HomeController.php(2606): CodeIgniter\Debug\Exceptions->errorHandler(2, 'Use of undefine...', 'D:\\work project...', 2606, Array)
#1 D:\work projects\Tradebox\system\CodeIgniter.php(926): App\Modules\Website\Controllers\HomeController->tradehistory()
#2 D:\work projects\Tradebox\system\CodeIgniter.php(412): CodeIgniter\CodeIgniter->runController(Object(App\Modules\Website\Controllers\HomeController))
#3 D:\work projects\Tradebox\system\CodeIgniter.php(320): CodeIgniter\CodeIgniter->handleRequest(NULL, Object(Config\Cache), false)
#4 D:\work projects\Tradebox\index.php(64): CodeIgniter\CodeIgniter->run()
#5 {main}
CRITICAL - 2022-03-11 01:20:20 --> Use of undefined constant FILTER_SANTITIZE_STRING - assumed 'FILTER_SANTITIZE_STRING' (this will throw an Error in a future version of PHP)
#0 D:\work projects\Tradebox\app\Modules\Website\Controllers\HomeController.php(2606): CodeIgniter\Debug\Exceptions->errorHandler(2, 'Use of undefine...', 'D:\\work project...', 2606, Array)
#1 D:\work projects\Tradebox\system\CodeIgniter.php(926): App\Modules\Website\Controllers\HomeController->tradehistory()
#2 D:\work projects\Tradebox\system\CodeIgniter.php(412): CodeIgniter\CodeIgniter->runController(Object(App\Modules\Website\Controllers\HomeController))
#3 D:\work projects\Tradebox\system\CodeIgniter.php(320): CodeIgniter\CodeIgniter->handleRequest(NULL, Object(Config\Cache), false)
#4 D:\work projects\Tradebox\index.php(64): CodeIgniter\CodeIgniter->run()
#5 {main}
CRITICAL - 2022-03-11 01:20:34 --> Use of undefined constant FILTER_SANTITIZE_STRING - assumed 'FILTER_SANTITIZE_STRING' (this will throw an Error in a future version of PHP)
#0 D:\work projects\Tradebox\app\Modules\Website\Controllers\HomeController.php(2606): CodeIgniter\Debug\Exceptions->errorHandler(2, 'Use of undefine...', 'D:\\work project...', 2606, Array)
#1 D:\work projects\Tradebox\system\CodeIgniter.php(926): App\Modules\Website\Controllers\HomeController->tradehistory()
#2 D:\work projects\Tradebox\system\CodeIgniter.php(412): CodeIgniter\CodeIgniter->runController(Object(App\Modules\Website\Controllers\HomeController))
#3 D:\work projects\Tradebox\system\CodeIgniter.php(320): CodeIgniter\CodeIgniter->handleRequest(NULL, Object(Config\Cache), false)
#4 D:\work projects\Tradebox\index.php(64): CodeIgniter\CodeIgniter->run()
#5 {main}
CRITICAL - 2022-03-11 01:20:53 --> Use of undefined constant FILTER_SANTITIZE_STRING - assumed 'FILTER_SANTITIZE_STRING' (this will throw an Error in a future version of PHP)
#0 D:\work projects\Tradebox\app\Modules\Website\Controllers\HomeController.php(2606): CodeIgniter\Debug\Exceptions->errorHandler(2, 'Use of undefine...', 'D:\\work project...', 2606, Array)
#1 D:\work projects\Tradebox\system\CodeIgniter.php(926): App\Modules\Website\Controllers\HomeController->tradehistory()
#2 D:\work projects\Tradebox\system\CodeIgniter.php(412): CodeIgniter\CodeIgniter->runController(Object(App\Modules\Website\Controllers\HomeController))
#3 D:\work projects\Tradebox\system\CodeIgniter.php(320): CodeIgniter\CodeIgniter->handleRequest(NULL, Object(Config\Cache), false)
#4 D:\work projects\Tradebox\index.php(64): CodeIgniter\CodeIgniter->run()
#5 {main}
CRITICAL - 2022-03-11 01:21:53 --> Use of undefined constant FILTER_SANTITIZE_STRING - assumed 'FILTER_SANTITIZE_STRING' (this will throw an Error in a future version of PHP)
#0 D:\work projects\Tradebox\app\Modules\Website\Controllers\HomeController.php(2606): CodeIgniter\Debug\Exceptions->errorHandler(2, 'Use of undefine...', 'D:\\work project...', 2606, Array)
#1 D:\work projects\Tradebox\system\CodeIgniter.php(926): App\Modules\Website\Controllers\HomeController->tradehistory()
#2 D:\work projects\Tradebox\system\CodeIgniter.php(412): CodeIgniter\CodeIgniter->runController(Object(App\Modules\Website\Controllers\HomeController))
#3 D:\work projects\Tradebox\system\CodeIgniter.php(320): CodeIgniter\CodeIgniter->handleRequest(NULL, Object(Config\Cache), false)
#4 D:\work projects\Tradebox\index.php(64): CodeIgniter\CodeIgniter->run()
#5 {main}
CRITICAL - 2022-03-11 01:22:53 --> Use of undefined constant FILTER_SANTITIZE_STRING - assumed 'FILTER_SANTITIZE_STRING' (this will throw an Error in a future version of PHP)
#0 D:\work projects\Tradebox\app\Modules\Website\Controllers\HomeController.php(2606): CodeIgniter\Debug\Exceptions->errorHandler(2, 'Use of undefine...', 'D:\\work project...', 2606, Array)
#1 D:\work projects\Tradebox\system\CodeIgniter.php(926): App\Modules\Website\Controllers\HomeController->tradehistory()
#2 D:\work projects\Tradebox\system\CodeIgniter.php(412): CodeIgniter\CodeIgniter->runController(Object(App\Modules\Website\Controllers\HomeController))
#3 D:\work projects\Tradebox\system\CodeIgniter.php(320): CodeIgniter\CodeIgniter->handleRequest(NULL, Object(Config\Cache), false)
#4 D:\work projects\Tradebox\index.php(64): CodeIgniter\CodeIgniter->run()
#5 {main}
CRITICAL - 2022-03-11 01:23:53 --> Use of undefined constant FILTER_SANTITIZE_STRING - assumed 'FILTER_SANTITIZE_STRING' (this will throw an Error in a future version of PHP)
#0 D:\work projects\Tradebox\app\Modules\Website\Controllers\HomeController.php(2606): CodeIgniter\Debug\Exceptions->errorHandler(2, 'Use of undefine...', 'D:\\work project...', 2606, Array)
#1 D:\work projects\Tradebox\system\CodeIgniter.php(926): App\Modules\Website\Controllers\HomeController->tradehistory()
#2 D:\work projects\Tradebox\system\CodeIgniter.php(412): CodeIgniter\CodeIgniter->runController(Object(App\Modules\Website\Controllers\HomeController))
#3 D:\work projects\Tradebox\system\CodeIgniter.php(320): CodeIgniter\CodeIgniter->handleRequest(NULL, Object(Config\Cache), false)
#4 D:\work projects\Tradebox\index.php(64): CodeIgniter\CodeIgniter->run()
#5 {main}
CRITICAL - 2022-03-11 01:24:04 --> Use of undefined constant FILTER_SANTITIZE_STRING - assumed 'FILTER_SANTITIZE_STRING' (this will throw an Error in a future version of PHP)
#0 D:\work projects\Tradebox\app\Modules\Website\Controllers\HomeController.php(2606): CodeIgniter\Debug\Exceptions->errorHandler(2, 'Use of undefine...', 'D:\\work project...', 2606, Array)
#1 D:\work projects\Tradebox\system\CodeIgniter.php(926): App\Modules\Website\Controllers\HomeController->tradehistory()
#2 D:\work projects\Tradebox\system\CodeIgniter.php(412): CodeIgniter\CodeIgniter->runController(Object(App\Modules\Website\Controllers\HomeController))
#3 D:\work projects\Tradebox\system\CodeIgniter.php(320): CodeIgniter\CodeIgniter->handleRequest(NULL, Object(Config\Cache), false)
#4 D:\work projects\Tradebox\index.php(64): CodeIgniter\CodeIgniter->run()
#5 {main}
CRITICAL - 2022-03-11 01:24:15 --> Use of undefined constant FILTER_SANTITIZE_STRING - assumed 'FILTER_SANTITIZE_STRING' (this will throw an Error in a future version of PHP)
#0 D:\work projects\Tradebox\app\Modules\Website\Controllers\HomeController.php(2606): CodeIgniter\Debug\Exceptions->errorHandler(2, 'Use of undefine...', 'D:\\work project...', 2606, Array)
#1 D:\work projects\Tradebox\system\CodeIgniter.php(926): App\Modules\Website\Controllers\HomeController->tradehistory()
#2 D:\work projects\Tradebox\system\CodeIgniter.php(412): CodeIgniter\CodeIgniter->runController(Object(App\Modules\Website\Controllers\HomeController))
#3 D:\work projects\Tradebox\system\CodeIgniter.php(320): CodeIgniter\CodeIgniter->handleRequest(NULL, Object(Config\Cache), false)
#4 D:\work projects\Tradebox\index.php(64): CodeIgniter\CodeIgniter->run()
#5 {main}
CRITICAL - 2022-03-11 01:24:26 --> Use of undefined constant FILTER_SANTITIZE_STRING - assumed 'FILTER_SANTITIZE_STRING' (this will throw an Error in a future version of PHP)
#0 D:\work projects\Tradebox\app\Modules\Website\Controllers\HomeController.php(2606): CodeIgniter\Debug\Exceptions->errorHandler(2, 'Use of undefine...', 'D:\\work project...', 2606, Array)
#1 D:\work projects\Tradebox\system\CodeIgniter.php(926): App\Modules\Website\Controllers\HomeController->tradehistory()
#2 D:\work projects\Tradebox\system\CodeIgniter.php(412): CodeIgniter\CodeIgniter->runController(Object(App\Modules\Website\Controllers\HomeController))
#3 D:\work projects\Tradebox\system\CodeIgniter.php(320): CodeIgniter\CodeIgniter->handleRequest(NULL, Object(Config\Cache), false)
#4 D:\work projects\Tradebox\index.php(64): CodeIgniter\CodeIgniter->run()
#5 {main}
CRITICAL - 2022-03-11 01:24:37 --> Use of undefined constant FILTER_SANTITIZE_STRING - assumed 'FILTER_SANTITIZE_STRING' (this will throw an Error in a future version of PHP)
#0 D:\work projects\Tradebox\app\Modules\Website\Controllers\HomeController.php(2606): CodeIgniter\Debug\Exceptions->errorHandler(2, 'Use of undefine...', 'D:\\work project...', 2606, Array)
#1 D:\work projects\Tradebox\system\CodeIgniter.php(926): App\Modules\Website\Controllers\HomeController->tradehistory()
#2 D:\work projects\Tradebox\system\CodeIgniter.php(412): CodeIgniter\CodeIgniter->runController(Object(App\Modules\Website\Controllers\HomeController))
#3 D:\work projects\Tradebox\system\CodeIgniter.php(320): CodeIgniter\CodeIgniter->handleRequest(NULL, Object(Config\Cache), false)
#4 D:\work projects\Tradebox\index.php(64): CodeIgniter\CodeIgniter->run()
#5 {main}
CRITICAL - 2022-03-11 01:24:48 --> Use of undefined constant FILTER_SANTITIZE_STRING - assumed 'FILTER_SANTITIZE_STRING' (this will throw an Error in a future version of PHP)
#0 D:\work projects\Tradebox\app\Modules\Website\Controllers\HomeController.php(2606): CodeIgniter\Debug\Exceptions->errorHandler(2, 'Use of undefine...', 'D:\\work project...', 2606, Array)
#1 D:\work projects\Tradebox\system\CodeIgniter.php(926): App\Modules\Website\Controllers\HomeController->tradehistory()
#2 D:\work projects\Tradebox\system\CodeIgniter.php(412): CodeIgniter\CodeIgniter->runController(Object(App\Modules\Website\Controllers\HomeController))
#3 D:\work projects\Tradebox\system\CodeIgniter.php(320): CodeIgniter\CodeIgniter->handleRequest(NULL, Object(Config\Cache), false)
#4 D:\work projects\Tradebox\index.php(64): CodeIgniter\CodeIgniter->run()
#5 {main}
CRITICAL - 2022-03-11 01:24:59 --> Use of undefined constant FILTER_SANTITIZE_STRING - assumed 'FILTER_SANTITIZE_STRING' (this will throw an Error in a future version of PHP)
#0 D:\work projects\Tradebox\app\Modules\Website\Controllers\HomeController.php(2606): CodeIgniter\Debug\Exceptions->errorHandler(2, 'Use of undefine...', 'D:\\work project...', 2606, Array)
#1 D:\work projects\Tradebox\system\CodeIgniter.php(926): App\Modules\Website\Controllers\HomeController->tradehistory()
#2 D:\work projects\Tradebox\system\CodeIgniter.php(412): CodeIgniter\CodeIgniter->runController(Object(App\Modules\Website\Controllers\HomeController))
#3 D:\work projects\Tradebox\system\CodeIgniter.php(320): CodeIgniter\CodeIgniter->handleRequest(NULL, Object(Config\Cache), false)
#4 D:\work projects\Tradebox\index.php(64): CodeIgniter\CodeIgniter->run()
#5 {main}
CRITICAL - 2022-03-11 01:25:10 --> Use of undefined constant FILTER_SANTITIZE_STRING - assumed 'FILTER_SANTITIZE_STRING' (this will throw an Error in a future version of PHP)
#0 D:\work projects\Tradebox\app\Modules\Website\Controllers\HomeController.php(2606): CodeIgniter\Debug\Exceptions->errorHandler(2, 'Use of undefine...', 'D:\\work project...', 2606, Array)
#1 D:\work projects\Tradebox\system\CodeIgniter.php(926): App\Modules\Website\Controllers\HomeController->tradehistory()
#2 D:\work projects\Tradebox\system\CodeIgniter.php(412): CodeIgniter\CodeIgniter->runController(Object(App\Modules\Website\Controllers\HomeController))
#3 D:\work projects\Tradebox\system\CodeIgniter.php(320): CodeIgniter\CodeIgniter->handleRequest(NULL, Object(Config\Cache), false)
#4 D:\work projects\Tradebox\index.php(64): CodeIgniter\CodeIgniter->run()
#5 {main}
CRITICAL - 2022-03-11 01:25:20 --> Use of undefined constant FILTER_SANTITIZE_STRING - assumed 'FILTER_SANTITIZE_STRING' (this will throw an Error in a future version of PHP)
#0 D:\work projects\Tradebox\app\Modules\Website\Controllers\HomeController.php(2606): CodeIgniter\Debug\Exceptions->errorHandler(2, 'Use of undefine...', 'D:\\work project...', 2606, Array)
#1 D:\work projects\Tradebox\system\CodeIgniter.php(926): App\Modules\Website\Controllers\HomeController->tradehistory()
#2 D:\work projects\Tradebox\system\CodeIgniter.php(412): CodeIgniter\CodeIgniter->runController(Object(App\Modules\Website\Controllers\HomeController))
#3 D:\work projects\Tradebox\system\CodeIgniter.php(320): CodeIgniter\CodeIgniter->handleRequest(NULL, Object(Config\Cache), false)
#4 D:\work projects\Tradebox\index.php(64): CodeIgniter\CodeIgniter->run()
#5 {main}
CRITICAL - 2022-03-11 01:25:31 --> Use of undefined constant FILTER_SANTITIZE_STRING - assumed 'FILTER_SANTITIZE_STRING' (this will throw an Error in a future version of PHP)
#0 D:\work projects\Tradebox\app\Modules\Website\Controllers\HomeController.php(2606): CodeIgniter\Debug\Exceptions->errorHandler(2, 'Use of undefine...', 'D:\\work project...', 2606, Array)
#1 D:\work projects\Tradebox\system\CodeIgniter.php(926): App\Modules\Website\Controllers\HomeController->tradehistory()
#2 D:\work projects\Tradebox\system\CodeIgniter.php(412): CodeIgniter\CodeIgniter->runController(Object(App\Modules\Website\Controllers\HomeController))
#3 D:\work projects\Tradebox\system\CodeIgniter.php(320): CodeIgniter\CodeIgniter->handleRequest(NULL, Object(Config\Cache), false)
#4 D:\work projects\Tradebox\index.php(64): CodeIgniter\CodeIgniter->run()
#5 {main}
CRITICAL - 2022-03-11 01:25:41 --> Use of undefined constant FILTER_SANTITIZE_STRING - assumed 'FILTER_SANTITIZE_STRING' (this will throw an Error in a future version of PHP)
#0 D:\work projects\Tradebox\app\Modules\Website\Controllers\HomeController.php(2606): CodeIgniter\Debug\Exceptions->errorHandler(2, 'Use of undefine...', 'D:\\work project...', 2606, Array)
#1 D:\work projects\Tradebox\system\CodeIgniter.php(926): App\Modules\Website\Controllers\HomeController->tradehistory()
#2 D:\work projects\Tradebox\system\CodeIgniter.php(412): CodeIgniter\CodeIgniter->runController(Object(App\Modules\Website\Controllers\HomeController))
#3 D:\work projects\Tradebox\system\CodeIgniter.php(320): CodeIgniter\CodeIgniter->handleRequest(NULL, Object(Config\Cache), false)
#4 D:\work projects\Tradebox\index.php(64): CodeIgniter\CodeIgniter->run()
#5 {main}
CRITICAL - 2022-03-11 01:25:52 --> Use of undefined constant FILTER_SANTITIZE_STRING - assumed 'FILTER_SANTITIZE_STRING' (this will throw an Error in a future version of PHP)
#0 D:\work projects\Tradebox\app\Modules\Website\Controllers\HomeController.php(2606): CodeIgniter\Debug\Exceptions->errorHandler(2, 'Use of undefine...', 'D:\\work project...', 2606, Array)
#1 D:\work projects\Tradebox\system\CodeIgniter.php(926): App\Modules\Website\Controllers\HomeController->tradehistory()
#2 D:\work projects\Tradebox\system\CodeIgniter.php(412): CodeIgniter\CodeIgniter->runController(Object(App\Modules\Website\Controllers\HomeController))
#3 D:\work projects\Tradebox\system\CodeIgniter.php(320): CodeIgniter\CodeIgniter->handleRequest(NULL, Object(Config\Cache), false)
#4 D:\work projects\Tradebox\index.php(64): CodeIgniter\CodeIgniter->run()
#5 {main}
CRITICAL - 2022-03-11 01:26:03 --> Use of undefined constant FILTER_SANTITIZE_STRING - assumed 'FILTER_SANTITIZE_STRING' (this will throw an Error in a future version of PHP)
#0 D:\work projects\Tradebox\app\Modules\Website\Controllers\HomeController.php(2606): CodeIgniter\Debug\Exceptions->errorHandler(2, 'Use of undefine...', 'D:\\work project...', 2606, Array)
#1 D:\work projects\Tradebox\system\CodeIgniter.php(926): App\Modules\Website\Controllers\HomeController->tradehistory()
#2 D:\work projects\Tradebox\system\CodeIgniter.php(412): CodeIgniter\CodeIgniter->runController(Object(App\Modules\Website\Controllers\HomeController))
#3 D:\work projects\Tradebox\system\CodeIgniter.php(320): CodeIgniter\CodeIgniter->handleRequest(NULL, Object(Config\Cache), false)
#4 D:\work projects\Tradebox\index.php(64): CodeIgniter\CodeIgniter->run()
#5 {main}
CRITICAL - 2022-03-11 01:26:19 --> Use of undefined constant FILTER_SANTITIZE_STRING - assumed 'FILTER_SANTITIZE_STRING' (this will throw an Error in a future version of PHP)
#0 D:\work projects\Tradebox\app\Modules\Website\Controllers\HomeController.php(2606): CodeIgniter\Debug\Exceptions->errorHandler(2, 'Use of undefine...', 'D:\\work project...', 2606, Array)
#1 D:\work projects\Tradebox\system\CodeIgniter.php(926): App\Modules\Website\Controllers\HomeController->tradehistory()
#2 D:\work projects\Tradebox\system\CodeIgniter.php(412): CodeIgniter\CodeIgniter->runController(Object(App\Modules\Website\Controllers\HomeController))
#3 D:\work projects\Tradebox\system\CodeIgniter.php(320): CodeIgniter\CodeIgniter->handleRequest(NULL, Object(Config\Cache), false)
#4 D:\work projects\Tradebox\index.php(64): CodeIgniter\CodeIgniter->run()
#5 {main}
CRITICAL - 2022-03-11 01:26:29 --> Use of undefined constant FILTER_SANTITIZE_STRING - assumed 'FILTER_SANTITIZE_STRING' (this will throw an Error in a future version of PHP)
#0 D:\work projects\Tradebox\app\Modules\Website\Controllers\HomeController.php(2606): CodeIgniter\Debug\Exceptions->errorHandler(2, 'Use of undefine...', 'D:\\work project...', 2606, Array)
#1 D:\work projects\Tradebox\system\CodeIgniter.php(926): App\Modules\Website\Controllers\HomeController->tradehistory()
#2 D:\work projects\Tradebox\system\CodeIgniter.php(412): CodeIgniter\CodeIgniter->runController(Object(App\Modules\Website\Controllers\HomeController))
#3 D:\work projects\Tradebox\system\CodeIgniter.php(320): CodeIgniter\CodeIgniter->handleRequest(NULL, Object(Config\Cache), false)
#4 D:\work projects\Tradebox\index.php(64): CodeIgniter\CodeIgniter->run()
#5 {main}
CRITICAL - 2022-03-11 01:26:40 --> Use of undefined constant FILTER_SANTITIZE_STRING - assumed 'FILTER_SANTITIZE_STRING' (this will throw an Error in a future version of PHP)
#0 D:\work projects\Tradebox\app\Modules\Website\Controllers\HomeController.php(2606): CodeIgniter\Debug\Exceptions->errorHandler(2, 'Use of undefine...', 'D:\\work project...', 2606, Array)
#1 D:\work projects\Tradebox\system\CodeIgniter.php(926): App\Modules\Website\Controllers\HomeController->tradehistory()
#2 D:\work projects\Tradebox\system\CodeIgniter.php(412): CodeIgniter\CodeIgniter->runController(Object(App\Modules\Website\Controllers\HomeController))
#3 D:\work projects\Tradebox\system\CodeIgniter.php(320): CodeIgniter\CodeIgniter->handleRequest(NULL, Object(Config\Cache), false)
#4 D:\work projects\Tradebox\index.php(64): CodeIgniter\CodeIgniter->run()
#5 {main}
CRITICAL - 2022-03-11 01:26:51 --> Use of undefined constant FILTER_SANTITIZE_STRING - assumed 'FILTER_SANTITIZE_STRING' (this will throw an Error in a future version of PHP)
#0 D:\work projects\Tradebox\app\Modules\Website\Controllers\HomeController.php(2606): CodeIgniter\Debug\Exceptions->errorHandler(2, 'Use of undefine...', 'D:\\work project...', 2606, Array)
#1 D:\work projects\Tradebox\system\CodeIgniter.php(926): App\Modules\Website\Controllers\HomeController->tradehistory()
#2 D:\work projects\Tradebox\system\CodeIgniter.php(412): CodeIgniter\CodeIgniter->runController(Object(App\Modules\Website\Controllers\HomeController))
#3 D:\work projects\Tradebox\system\CodeIgniter.php(320): CodeIgniter\CodeIgniter->handleRequest(NULL, Object(Config\Cache), false)
#4 D:\work projects\Tradebox\index.php(64): CodeIgniter\CodeIgniter->run()
#5 {main}
CRITICAL - 2022-03-11 01:27:02 --> Use of undefined constant FILTER_SANTITIZE_STRING - assumed 'FILTER_SANTITIZE_STRING' (this will throw an Error in a future version of PHP)
#0 D:\work projects\Tradebox\app\Modules\Website\Controllers\HomeController.php(2606): CodeIgniter\Debug\Exceptions->errorHandler(2, 'Use of undefine...', 'D:\\work project...', 2606, Array)
#1 D:\work projects\Tradebox\system\CodeIgniter.php(926): App\Modules\Website\Controllers\HomeController->tradehistory()
#2 D:\work projects\Tradebox\system\CodeIgniter.php(412): CodeIgniter\CodeIgniter->runController(Object(App\Modules\Website\Controllers\HomeController))
#3 D:\work projects\Tradebox\system\CodeIgniter.php(320): CodeIgniter\CodeIgniter->handleRequest(NULL, Object(Config\Cache), false)
#4 D:\work projects\Tradebox\index.php(64): CodeIgniter\CodeIgniter->run()
#5 {main}
CRITICAL - 2022-03-11 01:27:13 --> Use of undefined constant FILTER_SANTITIZE_STRING - assumed 'FILTER_SANTITIZE_STRING' (this will throw an Error in a future version of PHP)
#0 D:\work projects\Tradebox\app\Modules\Website\Controllers\HomeController.php(2606): CodeIgniter\Debug\Exceptions->errorHandler(2, 'Use of undefine...', 'D:\\work project...', 2606, Array)
#1 D:\work projects\Tradebox\system\CodeIgniter.php(926): App\Modules\Website\Controllers\HomeController->tradehistory()
#2 D:\work projects\Tradebox\system\CodeIgniter.php(412): CodeIgniter\CodeIgniter->runController(Object(App\Modules\Website\Controllers\HomeController))
#3 D:\work projects\Tradebox\system\CodeIgniter.php(320): CodeIgniter\CodeIgniter->handleRequest(NULL, Object(Config\Cache), false)
#4 D:\work projects\Tradebox\index.php(64): CodeIgniter\CodeIgniter->run()
#5 {main}
CRITICAL - 2022-03-11 01:27:24 --> Use of undefined constant FILTER_SANTITIZE_STRING - assumed 'FILTER_SANTITIZE_STRING' (this will throw an Error in a future version of PHP)
#0 D:\work projects\Tradebox\app\Modules\Website\Controllers\HomeController.php(2606): CodeIgniter\Debug\Exceptions->errorHandler(2, 'Use of undefine...', 'D:\\work project...', 2606, Array)
#1 D:\work projects\Tradebox\system\CodeIgniter.php(926): App\Modules\Website\Controllers\HomeController->tradehistory()
#2 D:\work projects\Tradebox\system\CodeIgniter.php(412): CodeIgniter\CodeIgniter->runController(Object(App\Modules\Website\Controllers\HomeController))
#3 D:\work projects\Tradebox\system\CodeIgniter.php(320): CodeIgniter\CodeIgniter->handleRequest(NULL, Object(Config\Cache), false)
#4 D:\work projects\Tradebox\index.php(64): CodeIgniter\CodeIgniter->run()
#5 {main}
CRITICAL - 2022-03-11 01:27:35 --> Use of undefined constant FILTER_SANTITIZE_STRING - assumed 'FILTER_SANTITIZE_STRING' (this will throw an Error in a future version of PHP)
#0 D:\work projects\Tradebox\app\Modules\Website\Controllers\HomeController.php(2606): CodeIgniter\Debug\Exceptions->errorHandler(2, 'Use of undefine...', 'D:\\work project...', 2606, Array)
#1 D:\work projects\Tradebox\system\CodeIgniter.php(926): App\Modules\Website\Controllers\HomeController->tradehistory()
#2 D:\work projects\Tradebox\system\CodeIgniter.php(412): CodeIgniter\CodeIgniter->runController(Object(App\Modules\Website\Controllers\HomeController))
#3 D:\work projects\Tradebox\system\CodeIgniter.php(320): CodeIgniter\CodeIgniter->handleRequest(NULL, Object(Config\Cache), false)
#4 D:\work projects\Tradebox\index.php(64): CodeIgniter\CodeIgniter->run()
#5 {main}
CRITICAL - 2022-03-11 01:27:46 --> Use of undefined constant FILTER_SANTITIZE_STRING - assumed 'FILTER_SANTITIZE_STRING' (this will throw an Error in a future version of PHP)
#0 D:\work projects\Tradebox\app\Modules\Website\Controllers\HomeController.php(2606): CodeIgniter\Debug\Exceptions->errorHandler(2, 'Use of undefine...', 'D:\\work project...', 2606, Array)
#1 D:\work projects\Tradebox\system\CodeIgniter.php(926): App\Modules\Website\Controllers\HomeController->tradehistory()
#2 D:\work projects\Tradebox\system\CodeIgniter.php(412): CodeIgniter\CodeIgniter->runController(Object(App\Modules\Website\Controllers\HomeController))
#3 D:\work projects\Tradebox\system\CodeIgniter.php(320): CodeIgniter\CodeIgniter->handleRequest(NULL, Object(Config\Cache), false)
#4 D:\work projects\Tradebox\index.php(64): CodeIgniter\CodeIgniter->run()
#5 {main}
CRITICAL - 2022-03-11 01:27:57 --> Use of undefined constant FILTER_SANTITIZE_STRING - assumed 'FILTER_SANTITIZE_STRING' (this will throw an Error in a future version of PHP)
#0 D:\work projects\Tradebox\app\Modules\Website\Controllers\HomeController.php(2606): CodeIgniter\Debug\Exceptions->errorHandler(2, 'Use of undefine...', 'D:\\work project...', 2606, Array)
#1 D:\work projects\Tradebox\system\CodeIgniter.php(926): App\Modules\Website\Controllers\HomeController->tradehistory()
#2 D:\work projects\Tradebox\system\CodeIgniter.php(412): CodeIgniter\CodeIgniter->runController(Object(App\Modules\Website\Controllers\HomeController))
#3 D:\work projects\Tradebox\system\CodeIgniter.php(320): CodeIgniter\CodeIgniter->handleRequest(NULL, Object(Config\Cache), false)
#4 D:\work projects\Tradebox\index.php(64): CodeIgniter\CodeIgniter->run()
#5 {main}
CRITICAL - 2022-03-11 01:28:08 --> Use of undefined constant FILTER_SANTITIZE_STRING - assumed 'FILTER_SANTITIZE_STRING' (this will throw an Error in a future version of PHP)
#0 D:\work projects\Tradebox\app\Modules\Website\Controllers\HomeController.php(2606): CodeIgniter\Debug\Exceptions->errorHandler(2, 'Use of undefine...', 'D:\\work project...', 2606, Array)
#1 D:\work projects\Tradebox\system\CodeIgniter.php(926): App\Modules\Website\Controllers\HomeController->tradehistory()
#2 D:\work projects\Tradebox\system\CodeIgniter.php(412): CodeIgniter\CodeIgniter->runController(Object(App\Modules\Website\Controllers\HomeController))
#3 D:\work projects\Tradebox\system\CodeIgniter.php(320): CodeIgniter\CodeIgniter->handleRequest(NULL, Object(Config\Cache), false)
#4 D:\work projects\Tradebox\index.php(64): CodeIgniter\CodeIgniter->run()
#5 {main}
CRITICAL - 2022-03-11 01:28:19 --> Use of undefined constant FILTER_SANTITIZE_STRING - assumed 'FILTER_SANTITIZE_STRING' (this will throw an Error in a future version of PHP)
#0 D:\work projects\Tradebox\app\Modules\Website\Controllers\HomeController.php(2606): CodeIgniter\Debug\Exceptions->errorHandler(2, 'Use of undefine...', 'D:\\work project...', 2606, Array)
#1 D:\work projects\Tradebox\system\CodeIgniter.php(926): App\Modules\Website\Controllers\HomeController->tradehistory()
#2 D:\work projects\Tradebox\system\CodeIgniter.php(412): CodeIgniter\CodeIgniter->runController(Object(App\Modules\Website\Controllers\HomeController))
#3 D:\work projects\Tradebox\system\CodeIgniter.php(320): CodeIgniter\CodeIgniter->handleRequest(NULL, Object(Config\Cache), false)
#4 D:\work projects\Tradebox\index.php(64): CodeIgniter\CodeIgniter->run()
#5 {main}
CRITICAL - 2022-03-11 01:28:29 --> Use of undefined constant FILTER_SANTITIZE_STRING - assumed 'FILTER_SANTITIZE_STRING' (this will throw an Error in a future version of PHP)
#0 D:\work projects\Tradebox\app\Modules\Website\Controllers\HomeController.php(2606): CodeIgniter\Debug\Exceptions->errorHandler(2, 'Use of undefine...', 'D:\\work project...', 2606, Array)
#1 D:\work projects\Tradebox\system\CodeIgniter.php(926): App\Modules\Website\Controllers\HomeController->tradehistory()
#2 D:\work projects\Tradebox\system\CodeIgniter.php(412): CodeIgniter\CodeIgniter->runController(Object(App\Modules\Website\Controllers\HomeController))
#3 D:\work projects\Tradebox\system\CodeIgniter.php(320): CodeIgniter\CodeIgniter->handleRequest(NULL, Object(Config\Cache), false)
#4 D:\work projects\Tradebox\index.php(64): CodeIgniter\CodeIgniter->run()
#5 {main}
CRITICAL - 2022-03-11 01:28:40 --> Use of undefined constant FILTER_SANTITIZE_STRING - assumed 'FILTER_SANTITIZE_STRING' (this will throw an Error in a future version of PHP)
#0 D:\work projects\Tradebox\app\Modules\Website\Controllers\HomeController.php(2606): CodeIgniter\Debug\Exceptions->errorHandler(2, 'Use of undefine...', 'D:\\work project...', 2606, Array)
#1 D:\work projects\Tradebox\system\CodeIgniter.php(926): App\Modules\Website\Controllers\HomeController->tradehistory()
#2 D:\work projects\Tradebox\system\CodeIgniter.php(412): CodeIgniter\CodeIgniter->runController(Object(App\Modules\Website\Controllers\HomeController))
#3 D:\work projects\Tradebox\system\CodeIgniter.php(320): CodeIgniter\CodeIgniter->handleRequest(NULL, Object(Config\Cache), false)
#4 D:\work projects\Tradebox\index.php(64): CodeIgniter\CodeIgniter->run()
#5 {main}
CRITICAL - 2022-03-11 01:28:51 --> Use of undefined constant FILTER_SANTITIZE_STRING - assumed 'FILTER_SANTITIZE_STRING' (this will throw an Error in a future version of PHP)
#0 D:\work projects\Tradebox\app\Modules\Website\Controllers\HomeController.php(2606): CodeIgniter\Debug\Exceptions->errorHandler(2, 'Use of undefine...', 'D:\\work project...', 2606, Array)
#1 D:\work projects\Tradebox\system\CodeIgniter.php(926): App\Modules\Website\Controllers\HomeController->tradehistory()
#2 D:\work projects\Tradebox\system\CodeIgniter.php(412): CodeIgniter\CodeIgniter->runController(Object(App\Modules\Website\Controllers\HomeController))
#3 D:\work projects\Tradebox\system\CodeIgniter.php(320): CodeIgniter\CodeIgniter->handleRequest(NULL, Object(Config\Cache), false)
#4 D:\work projects\Tradebox\index.php(64): CodeIgniter\CodeIgniter->run()
#5 {main}
CRITICAL - 2022-03-11 01:29:02 --> Use of undefined constant FILTER_SANTITIZE_STRING - assumed 'FILTER_SANTITIZE_STRING' (this will throw an Error in a future version of PHP)
#0 D:\work projects\Tradebox\app\Modules\Website\Controllers\HomeController.php(2606): CodeIgniter\Debug\Exceptions->errorHandler(2, 'Use of undefine...', 'D:\\work project...', 2606, Array)
#1 D:\work projects\Tradebox\system\CodeIgniter.php(926): App\Modules\Website\Controllers\HomeController->tradehistory()
#2 D:\work projects\Tradebox\system\CodeIgniter.php(412): CodeIgniter\CodeIgniter->runController(Object(App\Modules\Website\Controllers\HomeController))
#3 D:\work projects\Tradebox\system\CodeIgniter.php(320): CodeIgniter\CodeIgniter->handleRequest(NULL, Object(Config\Cache), false)
#4 D:\work projects\Tradebox\index.php(64): CodeIgniter\CodeIgniter->run()
#5 {main}
CRITICAL - 2022-03-11 01:29:53 --> Use of undefined constant FILTER_SANTITIZE_STRING - assumed 'FILTER_SANTITIZE_STRING' (this will throw an Error in a future version of PHP)
#0 D:\work projects\Tradebox\app\Modules\Website\Controllers\HomeController.php(2606): CodeIgniter\Debug\Exceptions->errorHandler(2, 'Use of undefine...', 'D:\\work project...', 2606, Array)
#1 D:\work projects\Tradebox\system\CodeIgniter.php(926): App\Modules\Website\Controllers\HomeController->tradehistory()
#2 D:\work projects\Tradebox\system\CodeIgniter.php(412): CodeIgniter\CodeIgniter->runController(Object(App\Modules\Website\Controllers\HomeController))
#3 D:\work projects\Tradebox\system\CodeIgniter.php(320): CodeIgniter\CodeIgniter->handleRequest(NULL, Object(Config\Cache), false)
#4 D:\work projects\Tradebox\index.php(64): CodeIgniter\CodeIgniter->run()
#5 {main}
CRITICAL - 2022-03-11 01:30:21 --> Use of undefined constant FILTER_SANTITIZE_STRING - assumed 'FILTER_SANTITIZE_STRING' (this will throw an Error in a future version of PHP)
#0 D:\work projects\Tradebox\app\Modules\Website\Controllers\HomeController.php(2606): CodeIgniter\Debug\Exceptions->errorHandler(2, 'Use of undefine...', 'D:\\work project...', 2606, Array)
#1 D:\work projects\Tradebox\system\CodeIgniter.php(926): App\Modules\Website\Controllers\HomeController->tradehistory()
#2 D:\work projects\Tradebox\system\CodeIgniter.php(412): CodeIgniter\CodeIgniter->runController(Object(App\Modules\Website\Controllers\HomeController))
#3 D:\work projects\Tradebox\system\CodeIgniter.php(320): CodeIgniter\CodeIgniter->handleRequest(NULL, Object(Config\Cache), false)
#4 D:\work projects\Tradebox\index.php(64): CodeIgniter\CodeIgniter->run()
#5 {main}
CRITICAL - 2022-03-11 01:30:32 --> Use of undefined constant FILTER_SANTITIZE_STRING - assumed 'FILTER_SANTITIZE_STRING' (this will throw an Error in a future version of PHP)
#0 D:\work projects\Tradebox\app\Modules\Website\Controllers\HomeController.php(2606): CodeIgniter\Debug\Exceptions->errorHandler(2, 'Use of undefine...', 'D:\\work project...', 2606, Array)
#1 D:\work projects\Tradebox\system\CodeIgniter.php(926): App\Modules\Website\Controllers\HomeController->tradehistory()
#2 D:\work projects\Tradebox\system\CodeIgniter.php(412): CodeIgniter\CodeIgniter->runController(Object(App\Modules\Website\Controllers\HomeController))
#3 D:\work projects\Tradebox\system\CodeIgniter.php(320): CodeIgniter\CodeIgniter->handleRequest(NULL, Object(Config\Cache), false)
#4 D:\work projects\Tradebox\index.php(64): CodeIgniter\CodeIgniter->run()
#5 {main}
CRITICAL - 2022-03-11 01:30:43 --> Use of undefined constant FILTER_SANTITIZE_STRING - assumed 'FILTER_SANTITIZE_STRING' (this will throw an Error in a future version of PHP)
#0 D:\work projects\Tradebox\app\Modules\Website\Controllers\HomeController.php(2606): CodeIgniter\Debug\Exceptions->errorHandler(2, 'Use of undefine...', 'D:\\work project...', 2606, Array)
#1 D:\work projects\Tradebox\system\CodeIgniter.php(926): App\Modules\Website\Controllers\HomeController->tradehistory()
#2 D:\work projects\Tradebox\system\CodeIgniter.php(412): CodeIgniter\CodeIgniter->runController(Object(App\Modules\Website\Controllers\HomeController))
#3 D:\work projects\Tradebox\system\CodeIgniter.php(320): CodeIgniter\CodeIgniter->handleRequest(NULL, Object(Config\Cache), false)
#4 D:\work projects\Tradebox\index.php(64): CodeIgniter\CodeIgniter->run()
#5 {main}
CRITICAL - 2022-03-11 01:30:59 --> Use of undefined constant FILTER_SANTITIZE_STRING - assumed 'FILTER_SANTITIZE_STRING' (this will throw an Error in a future version of PHP)
#0 D:\work projects\Tradebox\app\Modules\Website\Controllers\HomeController.php(2606): CodeIgniter\Debug\Exceptions->errorHandler(2, 'Use of undefine...', 'D:\\work project...', 2606, Array)
#1 D:\work projects\Tradebox\system\CodeIgniter.php(926): App\Modules\Website\Controllers\HomeController->tradehistory()
#2 D:\work projects\Tradebox\system\CodeIgniter.php(412): CodeIgniter\CodeIgniter->runController(Object(App\Modules\Website\Controllers\HomeController))
#3 D:\work projects\Tradebox\system\CodeIgniter.php(320): CodeIgniter\CodeIgniter->handleRequest(NULL, Object(Config\Cache), false)
#4 D:\work projects\Tradebox\index.php(64): CodeIgniter\CodeIgniter->run()
#5 {main}
CRITICAL - 2022-03-11 01:31:16 --> Use of undefined constant FILTER_SANTITIZE_STRING - assumed 'FILTER_SANTITIZE_STRING' (this will throw an Error in a future version of PHP)
#0 D:\work projects\Tradebox\app\Modules\Website\Controllers\HomeController.php(2606): CodeIgniter\Debug\Exceptions->errorHandler(2, 'Use of undefine...', 'D:\\work project...', 2606, Array)
#1 D:\work projects\Tradebox\system\CodeIgniter.php(926): App\Modules\Website\Controllers\HomeController->tradehistory()
#2 D:\work projects\Tradebox\system\CodeIgniter.php(412): CodeIgniter\CodeIgniter->runController(Object(App\Modules\Website\Controllers\HomeController))
#3 D:\work projects\Tradebox\system\CodeIgniter.php(320): CodeIgniter\CodeIgniter->handleRequest(NULL, Object(Config\Cache), false)
#4 D:\work projects\Tradebox\index.php(64): CodeIgniter\CodeIgniter->run()
#5 {main}
CRITICAL - 2022-03-11 01:31:27 --> Use of undefined constant FILTER_SANTITIZE_STRING - assumed 'FILTER_SANTITIZE_STRING' (this will throw an Error in a future version of PHP)
#0 D:\work projects\Tradebox\app\Modules\Website\Controllers\HomeController.php(2606): CodeIgniter\Debug\Exceptions->errorHandler(2, 'Use of undefine...', 'D:\\work project...', 2606, Array)
#1 D:\work projects\Tradebox\system\CodeIgniter.php(926): App\Modules\Website\Controllers\HomeController->tradehistory()
#2 D:\work projects\Tradebox\system\CodeIgniter.php(412): CodeIgniter\CodeIgniter->runController(Object(App\Modules\Website\Controllers\HomeController))
#3 D:\work projects\Tradebox\system\CodeIgniter.php(320): CodeIgniter\CodeIgniter->handleRequest(NULL, Object(Config\Cache), false)
#4 D:\work projects\Tradebox\index.php(64): CodeIgniter\CodeIgniter->run()
#5 {main}
CRITICAL - 2022-03-11 01:31:42 --> Use of undefined constant FILTER_SANTITIZE_STRING - assumed 'FILTER_SANTITIZE_STRING' (this will throw an Error in a future version of PHP)
#0 D:\work projects\Tradebox\app\Modules\Website\Controllers\HomeController.php(2606): CodeIgniter\Debug\Exceptions->errorHandler(2, 'Use of undefine...', 'D:\\work project...', 2606, Array)
#1 D:\work projects\Tradebox\system\CodeIgniter.php(926): App\Modules\Website\Controllers\HomeController->tradehistory()
#2 D:\work projects\Tradebox\system\CodeIgniter.php(412): CodeIgniter\CodeIgniter->runController(Object(App\Modules\Website\Controllers\HomeController))
#3 D:\work projects\Tradebox\system\CodeIgniter.php(320): CodeIgniter\CodeIgniter->handleRequest(NULL, Object(Config\Cache), false)
#4 D:\work projects\Tradebox\index.php(64): CodeIgniter\CodeIgniter->run()
#5 {main}
CRITICAL - 2022-03-11 01:31:58 --> Use of undefined constant FILTER_SANTITIZE_STRING - assumed 'FILTER_SANTITIZE_STRING' (this will throw an Error in a future version of PHP)
#0 D:\work projects\Tradebox\app\Modules\Website\Controllers\HomeController.php(2606): CodeIgniter\Debug\Exceptions->errorHandler(2, 'Use of undefine...', 'D:\\work project...', 2606, Array)
#1 D:\work projects\Tradebox\system\CodeIgniter.php(926): App\Modules\Website\Controllers\HomeController->tradehistory()
#2 D:\work projects\Tradebox\system\CodeIgniter.php(412): CodeIgniter\CodeIgniter->runController(Object(App\Modules\Website\Controllers\HomeController))
#3 D:\work projects\Tradebox\system\CodeIgniter.php(320): CodeIgniter\CodeIgniter->handleRequest(NULL, Object(Config\Cache), false)
#4 D:\work projects\Tradebox\index.php(64): CodeIgniter\CodeIgniter->run()
#5 {main}
CRITICAL - 2022-03-11 01:32:07 --> Use of undefined constant FILTER_SANTITIZE_STRING - assumed 'FILTER_SANTITIZE_STRING' (this will throw an Error in a future version of PHP)
#0 D:\work projects\Tradebox\app\Modules\Website\Controllers\HomeController.php(2606): CodeIgniter\Debug\Exceptions->errorHandler(2, 'Use of undefine...', 'D:\\work project...', 2606, Array)
#1 D:\work projects\Tradebox\system\CodeIgniter.php(926): App\Modules\Website\Controllers\HomeController->tradehistory()
#2 D:\work projects\Tradebox\system\CodeIgniter.php(412): CodeIgniter\CodeIgniter->runController(Object(App\Modules\Website\Controllers\HomeController))
#3 D:\work projects\Tradebox\system\CodeIgniter.php(320): CodeIgniter\CodeIgniter->handleRequest(NULL, Object(Config\Cache), false)
#4 D:\work projects\Tradebox\index.php(64): CodeIgniter\CodeIgniter->run()
#5 {main}
CRITICAL - 2022-03-11 01:32:17 --> Use of undefined constant FILTER_SANTITIZE_STRING - assumed 'FILTER_SANTITIZE_STRING' (this will throw an Error in a future version of PHP)
#0 D:\work projects\Tradebox\app\Modules\Website\Controllers\HomeController.php(2606): CodeIgniter\Debug\Exceptions->errorHandler(2, 'Use of undefine...', 'D:\\work project...', 2606, Array)
#1 D:\work projects\Tradebox\system\CodeIgniter.php(926): App\Modules\Website\Controllers\HomeController->tradehistory()
#2 D:\work projects\Tradebox\system\CodeIgniter.php(412): CodeIgniter\CodeIgniter->runController(Object(App\Modules\Website\Controllers\HomeController))
#3 D:\work projects\Tradebox\system\CodeIgniter.php(320): CodeIgniter\CodeIgniter->handleRequest(NULL, Object(Config\Cache), false)
#4 D:\work projects\Tradebox\index.php(64): CodeIgniter\CodeIgniter->run()
#5 {main}
CRITICAL - 2022-03-11 01:32:28 --> Use of undefined constant FILTER_SANTITIZE_STRING - assumed 'FILTER_SANTITIZE_STRING' (this will throw an Error in a future version of PHP)
#0 D:\work projects\Tradebox\app\Modules\Website\Controllers\HomeController.php(2606): CodeIgniter\Debug\Exceptions->errorHandler(2, 'Use of undefine...', 'D:\\work project...', 2606, Array)
#1 D:\work projects\Tradebox\system\CodeIgniter.php(926): App\Modules\Website\Controllers\HomeController->tradehistory()
#2 D:\work projects\Tradebox\system\CodeIgniter.php(412): CodeIgniter\CodeIgniter->runController(Object(App\Modules\Website\Controllers\HomeController))
#3 D:\work projects\Tradebox\system\CodeIgniter.php(320): CodeIgniter\CodeIgniter->handleRequest(NULL, Object(Config\Cache), false)
#4 D:\work projects\Tradebox\index.php(64): CodeIgniter\CodeIgniter->run()
#5 {main}
CRITICAL - 2022-03-11 01:33:00 --> Use of undefined constant FILTER_SANTITIZE_STRING - assumed 'FILTER_SANTITIZE_STRING' (this will throw an Error in a future version of PHP)
#0 D:\work projects\Tradebox\app\Modules\Website\Controllers\HomeController.php(2606): CodeIgniter\Debug\Exceptions->errorHandler(2, 'Use of undefine...', 'D:\\work project...', 2606, Array)
#1 D:\work projects\Tradebox\system\CodeIgniter.php(926): App\Modules\Website\Controllers\HomeController->tradehistory()
#2 D:\work projects\Tradebox\system\CodeIgniter.php(412): CodeIgniter\CodeIgniter->runController(Object(App\Modules\Website\Controllers\HomeController))
#3 D:\work projects\Tradebox\system\CodeIgniter.php(320): CodeIgniter\CodeIgniter->handleRequest(NULL, Object(Config\Cache), false)
#4 D:\work projects\Tradebox\index.php(64): CodeIgniter\CodeIgniter->run()
#5 {main}
