CRITICAL - 2022-06-09 13:44:25 --> Table 'tradebox.dbt_security' doesn't exist
#0 D:\03_projects\customization-crypto-exchange-chart\tradebox_main_v6.3\system\Database\MySQLi\Connection.php(331): mysqli->query('SELECT *\nFROM `...')
#1 D:\03_projects\customization-crypto-exchange-chart\tradebox_main_v6.3\system\Database\BaseConnection.php(741): CodeIgniter\Database\MySQLi\Connection->execute('SELECT *\nFROM `...')
#2 D:\03_projects\customization-crypto-exchange-chart\tradebox_main_v6.3\system\Database\BaseConnection.php(669): CodeIgniter\Database\BaseConnection->simpleQuery('SELECT *\nFROM `...')
#3 D:\03_projects\customization-crypto-exchange-chart\tradebox_main_v6.3\system\Database\BaseBuilder.php(1860): CodeIgniter\Database\BaseConnection->query('SELECT *\nFROM `...', Array, false)
#4 D:\03_projects\customization-crypto-exchange-chart\tradebox_main_v6.3\app\Libraries\Recaptcha.php(27): CodeIgniter\Database\BaseBuilder->get()
#5 D:\03_projects\customization-crypto-exchange-chart\tradebox_main_v6.3\app\Modules\Website\Controllers\BaseController.php(72): app\Libraries\Recaptcha->__construct()
#6 D:\03_projects\customization-crypto-exchange-chart\tradebox_main_v6.3\system\CodeIgniter.php(899): App\Modules\Website\Controllers\BaseController->initController(Object(CodeIgniter\HTTP\IncomingRequest), Object(CodeIgniter\HTTP\Response), Object(CodeIgniter\Log\Logger))
#7 D:\03_projects\customization-crypto-exchange-chart\tradebox_main_v6.3\system\CodeIgniter.php(407): CodeIgniter\CodeIgniter->createController()
#8 D:\03_projects\customization-crypto-exchange-chart\tradebox_main_v6.3\system\CodeIgniter.php(320): CodeIgniter\CodeIgniter->handleRequest(NULL, Object(Config\Cache), false)
#9 D:\03_projects\customization-crypto-exchange-chart\tradebox_main_v6.3\index.php(64): CodeIgniter\CodeIgniter->run()
#10 {main}
CRITICAL - 2022-06-09 14:26:39 --> Table 'tradebox.dbt_security' doesn't exist
#0 D:\03_projects\customization-crypto-exchange-chart\tradebox_main_v6.3_cpanel\system\Database\MySQLi\Connection.php(331): mysqli->query('SELECT *\nFROM `...')
#1 D:\03_projects\customization-crypto-exchange-chart\tradebox_main_v6.3_cpanel\system\Database\BaseConnection.php(741): CodeIgniter\Database\MySQLi\Connection->execute('SELECT *\nFROM `...')
#2 D:\03_projects\customization-crypto-exchange-chart\tradebox_main_v6.3_cpanel\system\Database\BaseConnection.php(669): CodeIgniter\Database\BaseConnection->simpleQuery('SELECT *\nFROM `...')
#3 D:\03_projects\customization-crypto-exchange-chart\tradebox_main_v6.3_cpanel\system\Database\BaseBuilder.php(1860): CodeIgniter\Database\BaseConnection->query('SELECT *\nFROM `...', Array, false)
#4 D:\03_projects\customization-crypto-exchange-chart\tradebox_main_v6.3_cpanel\app\Libraries\Recaptcha.php(27): CodeIgniter\Database\BaseBuilder->get()
#5 D:\03_projects\customization-crypto-exchange-chart\tradebox_main_v6.3_cpanel\app\Modules\Website\Controllers\BaseController.php(72): app\Libraries\Recaptcha->__construct()
#6 D:\03_projects\customization-crypto-exchange-chart\tradebox_main_v6.3_cpanel\system\CodeIgniter.php(899): App\Modules\Website\Controllers\BaseController->initController(Object(CodeIgniter\HTTP\IncomingRequest), Object(CodeIgniter\HTTP\Response), Object(CodeIgniter\Log\Logger))
#7 D:\03_projects\customization-crypto-exchange-chart\tradebox_main_v6.3_cpanel\system\CodeIgniter.php(407): CodeIgniter\CodeIgniter->createController()
#8 D:\03_projects\customization-crypto-exchange-chart\tradebox_main_v6.3_cpanel\system\CodeIgniter.php(320): CodeIgniter\CodeIgniter->handleRequest(NULL, Object(Config\Cache), false)
#9 D:\03_projects\customization-crypto-exchange-chart\tradebox_main_v6.3_cpanel\index.php(64): CodeIgniter\CodeIgniter->run()
#10 {main}
CRITICAL - 2022-06-09 14:49:50 --> Undefined index: create_link
#0 D:\03_projects\customization-crypto-exchange-chart\tradebox_main_v6.3_cpanel\app\Modules\Setting\Controllers\Admin\SettingController.php(773): CodeIgniter\Debug\Exceptions->errorHandler(8, 'Undefined index...', 'D:\\03_projects\\...', 773, Array)
#1 D:\03_projects\customization-crypto-exchange-chart\tradebox_main_v6.3_cpanel\system\CodeIgniter.php(926): App\Modules\Setting\Controllers\Admin\SettingController->update_external_api('3')
#2 D:\03_projects\customization-crypto-exchange-chart\tradebox_main_v6.3_cpanel\system\CodeIgniter.php(412): CodeIgniter\CodeIgniter->runController(Object(App\Modules\Setting\Controllers\Admin\SettingController))
#3 D:\03_projects\customization-crypto-exchange-chart\tradebox_main_v6.3_cpanel\system\CodeIgniter.php(320): CodeIgniter\CodeIgniter->handleRequest(NULL, Object(Config\Cache), false)
#4 D:\03_projects\customization-crypto-exchange-chart\tradebox_main_v6.3_cpanel\index.php(64): CodeIgniter\CodeIgniter->run()
#5 {main}
CRITICAL - 2022-06-09 15:10:22 --> file_get_contents(): php_network_getaddresses: getaddrinfo failed: No such host is known. 
#0 [internal function]: CodeIgniter\Debug\Exceptions->errorHandler(2, 'file_get_conten...', 'D:\\03_projects\\...', 2725, Array)
#1 D:\03_projects\customization-crypto-exchange-chart\tradebox_main_v6.3_cpanel\app\Modules\Website\Controllers\HomeController.php(2725): file_get_contents('https://min-api...', true)
#2 D:\03_projects\customization-crypto-exchange-chart\tradebox_main_v6.3_cpanel\system\CodeIgniter.php(926): App\Modules\Website\Controllers\HomeController->coingraphdata()
#3 D:\03_projects\customization-crypto-exchange-chart\tradebox_main_v6.3_cpanel\system\CodeIgniter.php(412): CodeIgniter\CodeIgniter->runController(Object(App\Modules\Website\Controllers\HomeController))
#4 D:\03_projects\customization-crypto-exchange-chart\tradebox_main_v6.3_cpanel\system\CodeIgniter.php(320): CodeIgniter\CodeIgniter->handleRequest(NULL, Object(Config\Cache), false)
#5 D:\03_projects\customization-crypto-exchange-chart\tradebox_main_v6.3_cpanel\index.php(64): CodeIgniter\CodeIgniter->run()
#6 {main}
CRITICAL - 2022-06-09 15:55:32 --> Unable to connect to the database.
#0 D:\03_projects\customization-crypto-exchange-chart\tradebox_main_v6.3_cpanel\system\Database\BaseConnection.php(646): CodeIgniter\Database\BaseConnection->initialize()
#1 D:\03_projects\customization-crypto-exchange-chart\tradebox_main_v6.3_cpanel\system\Controller.php(130): CodeIgniter\Database\BaseConnection->query('SET SESSION sql...')
#2 D:\03_projects\customization-crypto-exchange-chart\tradebox_main_v6.3_cpanel\app\Modules\Website\Controllers\BaseController.php(57): CodeIgniter\Controller->initController(Object(CodeIgniter\HTTP\IncomingRequest), Object(CodeIgniter\HTTP\Response), Object(CodeIgniter\Log\Logger))
#3 D:\03_projects\customization-crypto-exchange-chart\tradebox_main_v6.3_cpanel\system\CodeIgniter.php(899): App\Modules\Website\Controllers\BaseController->initController(Object(CodeIgniter\HTTP\IncomingRequest), Object(CodeIgniter\HTTP\Response), Object(CodeIgniter\Log\Logger))
#4 D:\03_projects\customization-crypto-exchange-chart\tradebox_main_v6.3_cpanel\system\CodeIgniter.php(407): CodeIgniter\CodeIgniter->createController()
#5 D:\03_projects\customization-crypto-exchange-chart\tradebox_main_v6.3_cpanel\system\CodeIgniter.php(320): CodeIgniter\CodeIgniter->handleRequest(NULL, Object(Config\Cache), false)
#6 D:\03_projects\customization-crypto-exchange-chart\tradebox_main_v6.3_cpanel\index.php(64): CodeIgniter\CodeIgniter->run()
#7 {main}
CRITICAL - 2022-06-09 15:55:32 --> Unable to connect to the database.
#0 D:\03_projects\customization-crypto-exchange-chart\tradebox_main_v6.3_cpanel\system\Database\BaseConnection.php(646): CodeIgniter\Database\BaseConnection->initialize()
#1 D:\03_projects\customization-crypto-exchange-chart\tradebox_main_v6.3_cpanel\system\Controller.php(130): CodeIgniter\Database\BaseConnection->query('SET SESSION sql...')
#2 D:\03_projects\customization-crypto-exchange-chart\tradebox_main_v6.3_cpanel\app\Modules\Website\Controllers\BaseController.php(57): CodeIgniter\Controller->initController(Object(CodeIgniter\HTTP\IncomingRequest), Object(CodeIgniter\HTTP\Response), Object(CodeIgniter\Log\Logger))
#3 D:\03_projects\customization-crypto-exchange-chart\tradebox_main_v6.3_cpanel\system\CodeIgniter.php(899): App\Modules\Website\Controllers\BaseController->initController(Object(CodeIgniter\HTTP\IncomingRequest), Object(CodeIgniter\HTTP\Response), Object(CodeIgniter\Log\Logger))
#4 D:\03_projects\customization-crypto-exchange-chart\tradebox_main_v6.3_cpanel\system\CodeIgniter.php(407): CodeIgniter\CodeIgniter->createController()
#5 D:\03_projects\customization-crypto-exchange-chart\tradebox_main_v6.3_cpanel\system\CodeIgniter.php(320): CodeIgniter\CodeIgniter->handleRequest(NULL, Object(Config\Cache), false)
#6 D:\03_projects\customization-crypto-exchange-chart\tradebox_main_v6.3_cpanel\index.php(64): CodeIgniter\CodeIgniter->run()
#7 {main}
CRITICAL - 2022-06-09 15:55:32 --> Unable to connect to the database.
#0 D:\03_projects\customization-crypto-exchange-chart\tradebox_main_v6.3_cpanel\system\Database\BaseConnection.php(646): CodeIgniter\Database\BaseConnection->initialize()
#1 D:\03_projects\customization-crypto-exchange-chart\tradebox_main_v6.3_cpanel\system\Controller.php(130): CodeIgniter\Database\BaseConnection->query('SET SESSION sql...')
#2 D:\03_projects\customization-crypto-exchange-chart\tradebox_main_v6.3_cpanel\app\Modules\Website\Controllers\BaseController.php(57): CodeIgniter\Controller->initController(Object(CodeIgniter\HTTP\IncomingRequest), Object(CodeIgniter\HTTP\Response), Object(CodeIgniter\Log\Logger))
#3 D:\03_projects\customization-crypto-exchange-chart\tradebox_main_v6.3_cpanel\system\CodeIgniter.php(899): App\Modules\Website\Controllers\BaseController->initController(Object(CodeIgniter\HTTP\IncomingRequest), Object(CodeIgniter\HTTP\Response), Object(CodeIgniter\Log\Logger))
#4 D:\03_projects\customization-crypto-exchange-chart\tradebox_main_v6.3_cpanel\system\CodeIgniter.php(407): CodeIgniter\CodeIgniter->createController()
#5 D:\03_projects\customization-crypto-exchange-chart\tradebox_main_v6.3_cpanel\system\CodeIgniter.php(320): CodeIgniter\CodeIgniter->handleRequest(NULL, Object(Config\Cache), false)
#6 D:\03_projects\customization-crypto-exchange-chart\tradebox_main_v6.3_cpanel\index.php(64): CodeIgniter\CodeIgniter->run()
#7 {main}
CRITICAL - 2022-06-09 15:55:32 --> Unable to connect to the database.
#0 D:\03_projects\customization-crypto-exchange-chart\tradebox_main_v6.3_cpanel\system\Database\BaseConnection.php(646): CodeIgniter\Database\BaseConnection->initialize()
#1 D:\03_projects\customization-crypto-exchange-chart\tradebox_main_v6.3_cpanel\system\Controller.php(130): CodeIgniter\Database\BaseConnection->query('SET SESSION sql...')
#2 D:\03_projects\customization-crypto-exchange-chart\tradebox_main_v6.3_cpanel\app\Modules\Website\Controllers\BaseController.php(57): CodeIgniter\Controller->initController(Object(CodeIgniter\HTTP\IncomingRequest), Object(CodeIgniter\HTTP\Response), Object(CodeIgniter\Log\Logger))
#3 D:\03_projects\customization-crypto-exchange-chart\tradebox_main_v6.3_cpanel\system\CodeIgniter.php(899): App\Modules\Website\Controllers\BaseController->initController(Object(CodeIgniter\HTTP\IncomingRequest), Object(CodeIgniter\HTTP\Response), Object(CodeIgniter\Log\Logger))
#4 D:\03_projects\customization-crypto-exchange-chart\tradebox_main_v6.3_cpanel\system\CodeIgniter.php(407): CodeIgniter\CodeIgniter->createController()
#5 D:\03_projects\customization-crypto-exchange-chart\tradebox_main_v6.3_cpanel\system\CodeIgniter.php(320): CodeIgniter\CodeIgniter->handleRequest(NULL, Object(Config\Cache), false)
#6 D:\03_projects\customization-crypto-exchange-chart\tradebox_main_v6.3_cpanel\index.php(64): CodeIgniter\CodeIgniter->run()
#7 {main}
CRITICAL - 2022-06-09 15:55:35 --> Unable to connect to the database.
#0 D:\03_projects\customization-crypto-exchange-chart\tradebox_main_v6.3_cpanel\system\Database\BaseConnection.php(646): CodeIgniter\Database\BaseConnection->initialize()
#1 D:\03_projects\customization-crypto-exchange-chart\tradebox_main_v6.3_cpanel\system\Controller.php(130): CodeIgniter\Database\BaseConnection->query('SET SESSION sql...')
#2 D:\03_projects\customization-crypto-exchange-chart\tradebox_main_v6.3_cpanel\app\Modules\Website\Controllers\BaseController.php(57): CodeIgniter\Controller->initController(Object(CodeIgniter\HTTP\IncomingRequest), Object(CodeIgniter\HTTP\Response), Object(CodeIgniter\Log\Logger))
#3 D:\03_projects\customization-crypto-exchange-chart\tradebox_main_v6.3_cpanel\system\CodeIgniter.php(899): App\Modules\Website\Controllers\BaseController->initController(Object(CodeIgniter\HTTP\IncomingRequest), Object(CodeIgniter\HTTP\Response), Object(CodeIgniter\Log\Logger))
#4 D:\03_projects\customization-crypto-exchange-chart\tradebox_main_v6.3_cpanel\system\CodeIgniter.php(407): CodeIgniter\CodeIgniter->createController()
#5 D:\03_projects\customization-crypto-exchange-chart\tradebox_main_v6.3_cpanel\system\CodeIgniter.php(320): CodeIgniter\CodeIgniter->handleRequest(NULL, Object(Config\Cache), false)
#6 D:\03_projects\customization-crypto-exchange-chart\tradebox_main_v6.3_cpanel\index.php(64): CodeIgniter\CodeIgniter->run()
#7 {main}
CRITICAL - 2022-06-09 15:55:36 --> Unable to connect to the database.
#0 D:\03_projects\customization-crypto-exchange-chart\tradebox_main_v6.3_cpanel\system\Database\BaseConnection.php(646): CodeIgniter\Database\BaseConnection->initialize()
#1 D:\03_projects\customization-crypto-exchange-chart\tradebox_main_v6.3_cpanel\system\Controller.php(130): CodeIgniter\Database\BaseConnection->query('SET SESSION sql...')
#2 D:\03_projects\customization-crypto-exchange-chart\tradebox_main_v6.3_cpanel\app\Modules\Website\Controllers\BaseController.php(57): CodeIgniter\Controller->initController(Object(CodeIgniter\HTTP\IncomingRequest), Object(CodeIgniter\HTTP\Response), Object(CodeIgniter\Log\Logger))
#3 D:\03_projects\customization-crypto-exchange-chart\tradebox_main_v6.3_cpanel\system\CodeIgniter.php(899): App\Modules\Website\Controllers\BaseController->initController(Object(CodeIgniter\HTTP\IncomingRequest), Object(CodeIgniter\HTTP\Response), Object(CodeIgniter\Log\Logger))
#4 D:\03_projects\customization-crypto-exchange-chart\tradebox_main_v6.3_cpanel\system\CodeIgniter.php(407): CodeIgniter\CodeIgniter->createController()
#5 D:\03_projects\customization-crypto-exchange-chart\tradebox_main_v6.3_cpanel\system\CodeIgniter.php(320): CodeIgniter\CodeIgniter->handleRequest(NULL, Object(Config\Cache), false)
#6 D:\03_projects\customization-crypto-exchange-chart\tradebox_main_v6.3_cpanel\index.php(64): CodeIgniter\CodeIgniter->run()
#7 {main}
CRITICAL - 2022-06-09 15:55:36 --> Unable to connect to the database.
#0 D:\03_projects\customization-crypto-exchange-chart\tradebox_main_v6.3_cpanel\system\Database\BaseConnection.php(646): CodeIgniter\Database\BaseConnection->initialize()
#1 D:\03_projects\customization-crypto-exchange-chart\tradebox_main_v6.3_cpanel\system\Controller.php(130): CodeIgniter\Database\BaseConnection->query('SET SESSION sql...')
#2 D:\03_projects\customization-crypto-exchange-chart\tradebox_main_v6.3_cpanel\app\Modules\Website\Controllers\BaseController.php(57): CodeIgniter\Controller->initController(Object(CodeIgniter\HTTP\IncomingRequest), Object(CodeIgniter\HTTP\Response), Object(CodeIgniter\Log\Logger))
#3 D:\03_projects\customization-crypto-exchange-chart\tradebox_main_v6.3_cpanel\system\CodeIgniter.php(899): App\Modules\Website\Controllers\BaseController->initController(Object(CodeIgniter\HTTP\IncomingRequest), Object(CodeIgniter\HTTP\Response), Object(CodeIgniter\Log\Logger))
#4 D:\03_projects\customization-crypto-exchange-chart\tradebox_main_v6.3_cpanel\system\CodeIgniter.php(407): CodeIgniter\CodeIgniter->createController()
#5 D:\03_projects\customization-crypto-exchange-chart\tradebox_main_v6.3_cpanel\system\CodeIgniter.php(320): CodeIgniter\CodeIgniter->handleRequest(NULL, Object(Config\Cache), false)
#6 D:\03_projects\customization-crypto-exchange-chart\tradebox_main_v6.3_cpanel\index.php(64): CodeIgniter\CodeIgniter->run()
#7 {main}
CRITICAL - 2022-06-09 15:55:37 --> Unable to connect to the database.
#0 D:\03_projects\customization-crypto-exchange-chart\tradebox_main_v6.3_cpanel\system\Database\BaseConnection.php(646): CodeIgniter\Database\BaseConnection->initialize()
#1 D:\03_projects\customization-crypto-exchange-chart\tradebox_main_v6.3_cpanel\system\Controller.php(130): CodeIgniter\Database\BaseConnection->query('SET SESSION sql...')
#2 D:\03_projects\customization-crypto-exchange-chart\tradebox_main_v6.3_cpanel\app\Modules\Website\Controllers\BaseController.php(57): CodeIgniter\Controller->initController(Object(CodeIgniter\HTTP\IncomingRequest), Object(CodeIgniter\HTTP\Response), Object(CodeIgniter\Log\Logger))
#3 D:\03_projects\customization-crypto-exchange-chart\tradebox_main_v6.3_cpanel\system\CodeIgniter.php(899): App\Modules\Website\Controllers\BaseController->initController(Object(CodeIgniter\HTTP\IncomingRequest), Object(CodeIgniter\HTTP\Response), Object(CodeIgniter\Log\Logger))
#4 D:\03_projects\customization-crypto-exchange-chart\tradebox_main_v6.3_cpanel\system\CodeIgniter.php(407): CodeIgniter\CodeIgniter->createController()
#5 D:\03_projects\customization-crypto-exchange-chart\tradebox_main_v6.3_cpanel\system\CodeIgniter.php(320): CodeIgniter\CodeIgniter->handleRequest(NULL, Object(Config\Cache), false)
#6 D:\03_projects\customization-crypto-exchange-chart\tradebox_main_v6.3_cpanel\index.php(64): CodeIgniter\CodeIgniter->run()
#7 {main}
CRITICAL - 2022-06-09 15:55:37 --> Unable to connect to the database.
#0 D:\03_projects\customization-crypto-exchange-chart\tradebox_main_v6.3_cpanel\system\Database\BaseConnection.php(646): CodeIgniter\Database\BaseConnection->initialize()
#1 D:\03_projects\customization-crypto-exchange-chart\tradebox_main_v6.3_cpanel\system\Controller.php(130): CodeIgniter\Database\BaseConnection->query('SET SESSION sql...')
#2 D:\03_projects\customization-crypto-exchange-chart\tradebox_main_v6.3_cpanel\app\Modules\Website\Controllers\BaseController.php(57): CodeIgniter\Controller->initController(Object(CodeIgniter\HTTP\IncomingRequest), Object(CodeIgniter\HTTP\Response), Object(CodeIgniter\Log\Logger))
#3 D:\03_projects\customization-crypto-exchange-chart\tradebox_main_v6.3_cpanel\system\CodeIgniter.php(899): App\Modules\Website\Controllers\BaseController->initController(Object(CodeIgniter\HTTP\IncomingRequest), Object(CodeIgniter\HTTP\Response), Object(CodeIgniter\Log\Logger))
#4 D:\03_projects\customization-crypto-exchange-chart\tradebox_main_v6.3_cpanel\system\CodeIgniter.php(407): CodeIgniter\CodeIgniter->createController()
#5 D:\03_projects\customization-crypto-exchange-chart\tradebox_main_v6.3_cpanel\system\CodeIgniter.php(320): CodeIgniter\CodeIgniter->handleRequest(NULL, Object(Config\Cache), false)
#6 D:\03_projects\customization-crypto-exchange-chart\tradebox_main_v6.3_cpanel\index.php(64): CodeIgniter\CodeIgniter->run()
#7 {main}
CRITICAL - 2022-06-09 15:55:40 --> Unable to connect to the database.
#0 D:\03_projects\customization-crypto-exchange-chart\tradebox_main_v6.3_cpanel\system\Database\BaseConnection.php(646): CodeIgniter\Database\BaseConnection->initialize()
#1 D:\03_projects\customization-crypto-exchange-chart\tradebox_main_v6.3_cpanel\system\Controller.php(130): CodeIgniter\Database\BaseConnection->query('SET SESSION sql...')
#2 D:\03_projects\customization-crypto-exchange-chart\tradebox_main_v6.3_cpanel\app\Modules\Website\Controllers\BaseController.php(57): CodeIgniter\Controller->initController(Object(CodeIgniter\HTTP\IncomingRequest), Object(CodeIgniter\HTTP\Response), Object(CodeIgniter\Log\Logger))
#3 D:\03_projects\customization-crypto-exchange-chart\tradebox_main_v6.3_cpanel\system\CodeIgniter.php(899): App\Modules\Website\Controllers\BaseController->initController(Object(CodeIgniter\HTTP\IncomingRequest), Object(CodeIgniter\HTTP\Response), Object(CodeIgniter\Log\Logger))
#4 D:\03_projects\customization-crypto-exchange-chart\tradebox_main_v6.3_cpanel\system\CodeIgniter.php(407): CodeIgniter\CodeIgniter->createController()
#5 D:\03_projects\customization-crypto-exchange-chart\tradebox_main_v6.3_cpanel\system\CodeIgniter.php(320): CodeIgniter\CodeIgniter->handleRequest(NULL, Object(Config\Cache), false)
#6 D:\03_projects\customization-crypto-exchange-chart\tradebox_main_v6.3_cpanel\index.php(64): CodeIgniter\CodeIgniter->run()
#7 {main}
CRITICAL - 2022-06-09 16:13:58 --> A non-numeric value encountered
#0 D:\03_projects\customization-crypto-exchange-chart\tradebox_main_v6.3_cpanel\app\Modules\Website\Controllers\HomeController.php(2657): CodeIgniter\Debug\Exceptions->errorHandler(2, 'A non-numeric v...', 'D:\\03_projects\\...', 2657, Array)
#1 D:\03_projects\customization-crypto-exchange-chart\tradebox_main_v6.3_cpanel\system\CodeIgniter.php(926): App\Modules\Website\Controllers\HomeController->tradecharthistory()
#2 D:\03_projects\customization-crypto-exchange-chart\tradebox_main_v6.3_cpanel\system\CodeIgniter.php(412): CodeIgniter\CodeIgniter->runController(Object(App\Modules\Website\Controllers\HomeController))
#3 D:\03_projects\customization-crypto-exchange-chart\tradebox_main_v6.3_cpanel\system\CodeIgniter.php(320): CodeIgniter\CodeIgniter->handleRequest(NULL, Object(Config\Cache), false)
#4 D:\03_projects\customization-crypto-exchange-chart\tradebox_main_v6.3_cpanel\index.php(64): CodeIgniter\CodeIgniter->run()
#5 {main}
