CRITICAL - 2022-03-05 06:43:32 --> file_get_contents(): php_network_getaddresses: getaddrinfo failed: No such host is known. 
#0 [internal function]: CodeIgniter\Debug\Exceptions->errorHandler(2, 'file_get_conten...', 'D:\\work project...', 2686, Array)
#1 D:\work projects\Tradebox\app\Modules\Website\Controllers\HomeController.php(2686): file_get_contents('https://min-api...', true)
#2 D:\work projects\Tradebox\system\CodeIgniter.php(926): App\Modules\Website\Controllers\HomeController->coingraphdata()
#3 D:\work projects\Tradebox\system\CodeIgniter.php(412): CodeIgniter\CodeIgniter->runController(Object(App\Modules\Website\Controllers\HomeController))
#4 D:\work projects\Tradebox\system\CodeIgniter.php(320): CodeIgniter\CodeIgniter->handleRequest(NULL, Object(Config\Cache), false)
#5 D:\work projects\Tradebox\index.php(64): CodeIgniter\CodeIgniter->run()
#6 {main}
CRITICAL - 2022-03-05 06:43:52 --> file_get_contents(): php_network_getaddresses: getaddrinfo failed: No such host is known. 
#0 [internal function]: CodeIgniter\Debug\Exceptions->errorHandler(2, 'file_get_conten...', 'D:\\work project...', 2686, Array)
#1 D:\work projects\Tradebox\app\Modules\Website\Controllers\HomeController.php(2686): file_get_contents('https://min-api...', true)
#2 D:\work projects\Tradebox\system\CodeIgniter.php(926): App\Modules\Website\Controllers\HomeController->coingraphdata()
#3 D:\work projects\Tradebox\system\CodeIgniter.php(412): CodeIgniter\CodeIgniter->runController(Object(App\Modules\Website\Controllers\HomeController))
#4 D:\work projects\Tradebox\system\CodeIgniter.php(320): CodeIgniter\CodeIgniter->handleRequest(NULL, Object(Config\Cache), false)
#5 D:\work projects\Tradebox\index.php(64): CodeIgniter\CodeIgniter->run()
#6 {main}
CRITICAL - 2022-03-05 06:48:07 --> file_get_contents(): php_network_getaddresses: getaddrinfo failed: No such host is known. 
#0 [internal function]: CodeIgniter\Debug\Exceptions->errorHandler(2, 'file_get_conten...', 'D:\\work project...', 2686, Array)
#1 D:\work projects\Tradebox\app\Modules\Website\Controllers\HomeController.php(2686): file_get_contents('https://min-api...', true)
#2 D:\work projects\Tradebox\system\CodeIgniter.php(926): App\Modules\Website\Controllers\HomeController->coingraphdata()
#3 D:\work projects\Tradebox\system\CodeIgniter.php(412): CodeIgniter\CodeIgniter->runController(Object(App\Modules\Website\Controllers\HomeController))
#4 D:\work projects\Tradebox\system\CodeIgniter.php(320): CodeIgniter\CodeIgniter->handleRequest(NULL, Object(Config\Cache), false)
#5 D:\work projects\Tradebox\index.php(64): CodeIgniter\CodeIgniter->run()
#6 {main}
CRITICAL - 2022-03-05 06:49:00 --> file_get_contents(): php_network_getaddresses: getaddrinfo failed: No such host is known. 
#0 [internal function]: CodeIgniter\Debug\Exceptions->errorHandler(2, 'file_get_conten...', 'D:\\work project...', 2686, Array)
#1 D:\work projects\Tradebox\app\Modules\Website\Controllers\HomeController.php(2686): file_get_contents('https://min-api...', true)
#2 D:\work projects\Tradebox\system\CodeIgniter.php(926): App\Modules\Website\Controllers\HomeController->coingraphdata()
#3 D:\work projects\Tradebox\system\CodeIgniter.php(412): CodeIgniter\CodeIgniter->runController(Object(App\Modules\Website\Controllers\HomeController))
#4 D:\work projects\Tradebox\system\CodeIgniter.php(320): CodeIgniter\CodeIgniter->handleRequest(NULL, Object(Config\Cache), false)
#5 D:\work projects\Tradebox\index.php(64): CodeIgniter\CodeIgniter->run()
#6 {main}
CRITICAL - 2022-03-05 06:49:40 --> file_get_contents(): php_network_getaddresses: getaddrinfo failed: No such host is known. 
#0 [internal function]: CodeIgniter\Debug\Exceptions->errorHandler(2, 'file_get_conten...', 'D:\\work project...', 2686, Array)
#1 D:\work projects\Tradebox\app\Modules\Website\Controllers\HomeController.php(2686): file_get_contents('https://min-api...', true)
#2 D:\work projects\Tradebox\system\CodeIgniter.php(926): App\Modules\Website\Controllers\HomeController->coingraphdata()
#3 D:\work projects\Tradebox\system\CodeIgniter.php(412): CodeIgniter\CodeIgniter->runController(Object(App\Modules\Website\Controllers\HomeController))
#4 D:\work projects\Tradebox\system\CodeIgniter.php(320): CodeIgniter\CodeIgniter->handleRequest(NULL, Object(Config\Cache), false)
#5 D:\work projects\Tradebox\index.php(64): CodeIgniter\CodeIgniter->run()
#6 {main}
CRITICAL - 2022-03-05 07:34:03 --> file_get_contents(): php_network_getaddresses: getaddrinfo failed: No such host is known. 
#0 [internal function]: CodeIgniter\Debug\Exceptions->errorHandler(2, 'file_get_conten...', 'D:\\work project...', 27, Array)
#1 D:\work projects\Tradebox\app\Modules\Common\Controllers\Admin\Autoupdate.php(27): file_get_contents('https://update....')
#2 D:\work projects\Tradebox\system\Autoloader\Autoloader.php(365): require_once('D:\\work project...')
#3 D:\work projects\Tradebox\system\Autoloader\Autoloader.php(296): CodeIgniter\Autoloader\Autoloader->requireFile('D:\\work project...')
#4 D:\work projects\Tradebox\system\Autoloader\Autoloader.php(258): CodeIgniter\Autoloader\Autoloader->loadInNamespace('App\\Modules\\Com...')
#5 [internal function]: CodeIgniter\Autoloader\Autoloader->loadClass('App\\Modules\\Com...')
#6 [internal function]: spl_autoload_call('App\\Modules\\Com...')
#7 D:\work projects\Tradebox\system\CodeIgniter.php(877): class_exists('\\App\\Modules\\Co...', true)
#8 D:\work projects\Tradebox\system\CodeIgniter.php(402): CodeIgniter\CodeIgniter->startController()
#9 D:\work projects\Tradebox\system\CodeIgniter.php(320): CodeIgniter\CodeIgniter->handleRequest(NULL, Object(Config\Cache), false)
#10 D:\work projects\Tradebox\index.php(64): CodeIgniter\CodeIgniter->run()
#11 {main}
CRITICAL - 2022-03-05 11:54:38 --> Trying to get property 'language' of non-object
#0 D:\work projects\Tradebox\app\Modules\Website\Controllers\HomeController.php(3844): CodeIgniter\Debug\Exceptions->errorHandler(8, 'Trying to get p...', 'D:\\work project...', 3844, Array)
#1 D:\work projects\Tradebox\app\Modules\Website\Controllers\HomeController.php(169): App\Modules\Website\Controllers\HomeController->langSet()
#2 D:\work projects\Tradebox\system\CodeIgniter.php(926): App\Modules\Website\Controllers\HomeController->exchange_page()
#3 D:\work projects\Tradebox\system\CodeIgniter.php(412): CodeIgniter\CodeIgniter->runController(Object(App\Modules\Website\Controllers\HomeController))
#4 D:\work projects\Tradebox\system\CodeIgniter.php(320): CodeIgniter\CodeIgniter->handleRequest(NULL, Object(Config\Cache), false)
#5 D:\work projects\Tradebox\index.php(64): CodeIgniter\CodeIgniter->run()
#6 {main}
CRITICAL - 2022-03-05 11:54:51 --> Trying to get property 'language' of non-object
#0 D:\work projects\Tradebox\app\Modules\Website\Controllers\HomeController.php(3844): CodeIgniter\Debug\Exceptions->errorHandler(8, 'Trying to get p...', 'D:\\work project...', 3844, Array)
#1 D:\work projects\Tradebox\app\Modules\Website\Controllers\HomeController.php(169): App\Modules\Website\Controllers\HomeController->langSet()
#2 D:\work projects\Tradebox\system\CodeIgniter.php(926): App\Modules\Website\Controllers\HomeController->exchange_page()
#3 D:\work projects\Tradebox\system\CodeIgniter.php(412): CodeIgniter\CodeIgniter->runController(Object(App\Modules\Website\Controllers\HomeController))
#4 D:\work projects\Tradebox\system\CodeIgniter.php(320): CodeIgniter\CodeIgniter->handleRequest(NULL, Object(Config\Cache), false)
#5 D:\work projects\Tradebox\index.php(64): CodeIgniter\CodeIgniter->run()
#6 {main}
CRITICAL - 2022-03-05 11:54:54 --> Trying to get property 'language' of non-object
#0 D:\work projects\Tradebox\app\Helpers\lang_helper.php(23): CodeIgniter\Debug\Exceptions->errorHandler(8, 'Trying to get p...', 'D:\\work project...', 23, Array)
#1 D:\work projects\Tradebox\app\Views\website\tradebox_Default_Theme\header.php(57): display('home')
#2 D:\work projects\Tradebox\system\View\View.php(246): include('D:\\work project...')
#3 D:\work projects\Tradebox\system\Common.php(1119): CodeIgniter\View\View->render('website/tradebo...', Array, true)
#4 D:\work projects\Tradebox\app\Libraries\Home_layout.php(35): view('website/tradebo...', Array)
#5 D:\work projects\Tradebox\app\Modules\Website\Controllers\HomeController.php(17): App\Libraries\Home_layout->master(Array)
#6 D:\work projects\Tradebox\system\CodeIgniter.php(926): App\Modules\Website\Controllers\HomeController->index()
#7 D:\work projects\Tradebox\system\CodeIgniter.php(412): CodeIgniter\CodeIgniter->runController(Object(App\Modules\Website\Controllers\HomeController))
#8 D:\work projects\Tradebox\system\CodeIgniter.php(320): CodeIgniter\CodeIgniter->handleRequest(NULL, Object(Config\Cache), false)
#9 D:\work projects\Tradebox\index.php(64): CodeIgniter\CodeIgniter->run()
#10 {main}
CRITICAL - 2022-03-05 12:04:44 --> file_get_contents(): php_network_getaddresses: getaddrinfo failed: No such host is known. 
#0 [internal function]: CodeIgniter\Debug\Exceptions->errorHandler(2, 'file_get_conten...', 'D:\\work project...', 2686, Array)
#1 D:\work projects\Tradebox\app\Modules\Website\Controllers\HomeController.php(2686): file_get_contents('https://min-api...', true)
#2 D:\work projects\Tradebox\system\CodeIgniter.php(926): App\Modules\Website\Controllers\HomeController->coingraphdata()
#3 D:\work projects\Tradebox\system\CodeIgniter.php(412): CodeIgniter\CodeIgniter->runController(Object(App\Modules\Website\Controllers\HomeController))
#4 D:\work projects\Tradebox\system\CodeIgniter.php(320): CodeIgniter\CodeIgniter->handleRequest(NULL, Object(Config\Cache), false)
#5 D:\work projects\Tradebox\index.php(64): CodeIgniter\CodeIgniter->run()
#6 {main}
